(VSCode) 2025-02-22 07:45:55.274 [INFO]: No proxy settings found
(VSCode) 2025-02-22 07:45:56.422 [INFO]: Checking network connection...
(VSCode) 2025-02-22 07:45:56.465 [INFO]: Creating manager directory: /tmp/0869f936-776b-4d01-8186-a772de80a43d/codeium/manager
(VSCode) 2025-02-22 07:45:56.876 [INFO]: Using cached LS with valid crc32: /home/jezs/.vscode-oss/extensions/codeium.codeium-1.34.2-universal/dist/f967d079379dbf4f485c8ce9fce1d4fae1c70ede/language_server_linux_x64
(VSCode) 2025-02-22 07:45:56.883 [INFO]: Language server started
2025/02/22 07:45:56 maxprocs: Leaving GOMAXPROCS=6: CPU quota undefined
I0222 07:45:56.953249  6811 main.go:572] [Language Server Manager] Setting GOMAXPROCS to 6
I0222 07:45:56.953279  6811 main.go:791] [Language Server Manager] Starting language server manager with pid 6811
I0222 07:45:56.953348  6811 main.go:123] [Language Server Manager] Manager acquired its lock file /tmp/0869f936-776b-4d01-8186-a772de80a43d/codeium/manager/locks/manager.lock
I0222 07:45:56.953851  6811 main.go:264] [Language Server Manager] Waiting for random port file in /tmp/0869f936-776b-4d01-8186-a772de80a43d/codeium/manager/child_random_port_1740228356953466026_1251228958865173673 to be created
2025/02/22 07:45:56 maxprocs: Leaving GOMAXPROCS=6: CPU quota undefined
(VSCode) 2025-02-22 07:45:57.033 [INFO]: No Network Issue connecting to https://server.codeium.com/healthz
I0222 07:45:57.032533  6824 main.go:572] Setting GOMAXPROCS to 4
I0222 07:45:57.032604  6824 main.go:785] Starting language server process with pid 6824
I0222 07:45:57.032640  6824 server.go:221] Language server will attempt to listen on host 127.0.0.1
I0222 07:45:57.032731  6824 server.go:228] Language server listening on random port at 40263
I0222 07:45:57.481106  6824 unleash.go:92] Initializing Unleash
I0222 07:45:57.933024  6824 unleash.go:112] Successfully initialized Unleash
I0222 07:45:57.933223  6824 server.go:306] Extension server port not specified; skipping extension server client creation
I0222 07:45:57.943340  6824 web_server.go:258] Chat Web Server listening at ws://127.0.0.1:41391
I0222 07:45:57.953758  6824 server.go:559] Successfully created API server client
I0222 07:45:57.992140  6824 server.go:577] Successfully initialized tokenizer
I0222 07:45:58.046587  6824 server.go:761] Local search is enabled, will index local files.
I0222 07:45:58.046608  6824 server.go:765] Using 1 indexer workers
I0222 07:45:58.377306  6824 server.go:854] Successfully created completion provider
I0222 07:45:58.377342  6824 server.go:905] Child process attempting to acquire lock file /tmp/0869f936-776b-4d01-8186-a772de80a43d/codeium/manager/locks/child_lock_1740228356953489017_5976265166295195016
I0222 07:45:58.377403  6824 server.go:913] Child process acquired lock file /tmp/0869f936-776b-4d01-8186-a772de80a43d/codeium/manager/locks/child_lock_1740228356953489017_5976265166295195016
I0222 07:45:58.388278  6824 server.go:365] LSP listening on random port at 36309
36309
I0222 07:45:58.460675  6811 main.go:300] [Language Server Manager] Found random server port 40263
I0222 07:45:58.460704  6811 main.go:301] [Language Server Manager] Found random lsp port 36309
I0222 07:45:58.460717  6811 main.go:308] [Language Server Manager] Attempting to connect to language server at 127.0.0.1:40263
I0222 07:45:58.472005  6811 main.go:177] [Language Server Manager] Fixing language server port at 40263
I0222 07:45:58.472022  6811 main.go:360] [Language Server Manager] Successfully connected to new language server at 127.0.0.1:40263
(VSCode) 2025-02-22 07:45:58.493 [INFO]: Found language server running on port 40263
(VSCode) 2025-02-22 07:45:58.585 [INFO]: openAllTextDocuments took 24.48286199999984ms
(VSCode) 2025-02-22 07:59:33.909 [WARN]: User not logged in
(VSCode) 2025-02-22 07:59:34.857 [WARN]: User not logged in
