(VSCode) 2025-02-22 07:19:51.036 [INFO]: No proxy settings found
(VSCode) 2025-02-22 07:19:52.210 [INFO]: Checking network connection...
(VSCode) 2025-02-22 07:19:52.310 [INFO]: Creating manager directory: /tmp/339e9b4a-2855-441d-a8d5-7a1829d246e9/codeium/manager
(VSCode) 2025-02-22 07:19:53.666 [INFO]: Using cached LS with valid crc32: /home/jezs/.vscode-oss/extensions/codeium.codeium-1.34.2-universal/dist/f967d079379dbf4f485c8ce9fce1d4fae1c70ede/language_server_linux_x64
(VSCode) 2025-02-22 07:19:53.678 [INFO]: Language server started
2025/02/22 07:19:53 maxprocs: Leaving GOMAXPROCS=6: CPU quota undefined
I0222 07:19:53.804061  1782 main.go:572] [Language Server Manager] Setting GOMAXPROCS to 6
I0222 07:19:53.804099  1782 main.go:791] [Language Server Manager] Starting language server manager with pid 1782
I0222 07:19:53.804169  1782 main.go:123] [Language Server Manager] Manager acquired its lock file /tmp/339e9b4a-2855-441d-a8d5-7a1829d246e9/codeium/manager/locks/manager.lock
I0222 07:19:53.804678  1782 main.go:264] [Language Server Manager] Waiting for random port file in /tmp/339e9b4a-2855-441d-a8d5-7a1829d246e9/codeium/manager/child_random_port_1740226793804249584_4812207187598465290 to be created
2025/02/22 07:19:53 maxprocs: Leaving GOMAXPROCS=6: CPU quota undefined
I0222 07:19:53.935374  1793 main.go:572] Setting GOMAXPROCS to 4
I0222 07:19:53.935726  1793 main.go:785] Starting language server process with pid 1793
I0222 07:19:53.935773  1793 server.go:221] Language server will attempt to listen on host 127.0.0.1
I0222 07:19:53.935931  1793 server.go:228] Language server listening on random port at 44299
I0222 07:19:54.413609  1793 unleash.go:92] Initializing Unleash
I0222 07:19:54.840633  1793 unleash.go:112] Successfully initialized Unleash
I0222 07:19:54.840799  1793 server.go:306] Extension server port not specified; skipping extension server client creation
I0222 07:19:54.850099  1793 web_server.go:258] Chat Web Server listening at ws://127.0.0.1:42657
I0222 07:19:54.860948  1793 server.go:559] Successfully created API server client
I0222 07:19:54.896234  1793 server.go:577] Successfully initialized tokenizer
I0222 07:19:54.967226  1793 server.go:761] Local search is enabled, will index local files.
I0222 07:19:54.967302  1793 server.go:765] Using 1 indexer workers
I0222 07:19:54.976410  1793 server.go:854] Successfully created completion provider
I0222 07:19:54.976451  1793 server.go:905] Child process attempting to acquire lock file /tmp/339e9b4a-2855-441d-a8d5-7a1829d246e9/codeium/manager/locks/child_lock_1740226793804270163_8277052288315294564
I0222 07:19:54.976507  1793 server.go:913] Child process acquired lock file /tmp/339e9b4a-2855-441d-a8d5-7a1829d246e9/codeium/manager/locks/child_lock_1740226793804270163_8277052288315294564
I0222 07:19:54.988806  1793 server.go:365] LSP listening on random port at 33413
33413
I0222 07:19:55.013095  1782 main.go:300] [Language Server Manager] Found random server port 44299
I0222 07:19:55.013123  1782 main.go:301] [Language Server Manager] Found random lsp port 33413
I0222 07:19:55.013138  1782 main.go:308] [Language Server Manager] Attempting to connect to language server at 127.0.0.1:44299
I0222 07:19:55.024450  1782 main.go:177] [Language Server Manager] Fixing language server port at 44299
I0222 07:19:55.024469  1782 main.go:360] [Language Server Manager] Successfully connected to new language server at 127.0.0.1:44299
(VSCode) 2025-02-22 07:19:55.121 [INFO]: Found language server running on port 44299
(VSCode) 2025-02-22 07:19:55.307 [INFO]: openAllTextDocuments took 15.773115000000871ms
(VSCode) 2025-02-22 07:19:57.927 [ERROR]: 
      Network Test Response Summary:
      Code: ECONNRESET,
      Message: Request timed out,
      Error Message: socket hang up
      Proxy Headers: undefined,
      Certificate Info:
        Valid From: ,
        Valid To: ,
      Expired: false,
      
