(VSCode) 2025-02-22 07:15:17.574 [INFO]: No proxy settings found
(VSCode) 2025-02-22 07:15:18.773 [INFO]: Checking network connection...
(VSCode) 2025-02-22 07:15:18.836 [INFO]: Creating manager directory: /tmp/8f0bb400-987e-45d1-9dd3-e87b53873f6c/codeium/manager
(VSCode) 2025-02-22 07:15:19.338 [INFO]: No Network Issue connecting to https://server.codeium.com/healthz
(VSCode) 2025-02-22 07:15:19.447 [INFO]: Using cached LS with valid crc32: /home/jezs/.vscode-oss/extensions/codeium.codeium-1.34.2-universal/dist/f967d079379dbf4f485c8ce9fce1d4fae1c70ede/language_server_linux_x64
(VSCode) 2025-02-22 07:15:19.455 [INFO]: Language server started
2025/02/22 07:15:19 maxprocs: Leaving GOMAXPROCS=6: CPU quota undefined
I0222 07:15:19.556590  1762 main.go:572] [Language Server Manager] Setting GOMAXPROCS to 6
I0222 07:15:19.556633  1762 main.go:791] [Language Server Manager] Starting language server manager with pid 1762
I0222 07:15:19.556947  1762 main.go:123] [Language Server Manager] Manager acquired its lock file /tmp/8f0bb400-987e-45d1-9dd3-e87b53873f6c/codeium/manager/locks/manager.lock
I0222 07:15:19.558147  1762 main.go:264] [Language Server Manager] Waiting for random port file in /tmp/8f0bb400-987e-45d1-9dd3-e87b53873f6c/codeium/manager/child_random_port_1740226519557068634_2563159374867472148 to be created
2025/02/22 07:15:19 maxprocs: Leaving GOMAXPROCS=6: CPU quota undefined
I0222 07:15:19.649894  1773 main.go:572] Setting GOMAXPROCS to 4
I0222 07:15:19.653262  1773 main.go:785] Starting language server process with pid 1773
I0222 07:15:19.653306  1773 server.go:221] Language server will attempt to listen on host 127.0.0.1
I0222 07:15:19.653404  1773 server.go:228] Language server listening on random port at 38747
I0222 07:15:20.135646  1773 unleash.go:92] Initializing Unleash
I0222 07:15:20.554311  1773 unleash.go:112] Successfully initialized Unleash
I0222 07:15:20.554460  1773 server.go:306] Extension server port not specified; skipping extension server client creation
I0222 07:15:20.563588  1773 web_server.go:258] Chat Web Server listening at ws://127.0.0.1:39267
I0222 07:15:20.573748  1773 server.go:559] Successfully created API server client
I0222 07:15:20.608329  1773 server.go:577] Successfully initialized tokenizer
I0222 07:15:20.668474  1773 server.go:761] Local search is enabled, will index local files.
I0222 07:15:20.668495  1773 server.go:765] Using 1 indexer workers
I0222 07:15:20.678951  1773 server.go:854] Successfully created completion provider
I0222 07:15:20.678985  1773 server.go:905] Child process attempting to acquire lock file /tmp/8f0bb400-987e-45d1-9dd3-e87b53873f6c/codeium/manager/locks/child_lock_1740226519557090377_5938278518794165891
I0222 07:15:20.679045  1773 server.go:913] Child process acquired lock file /tmp/8f0bb400-987e-45d1-9dd3-e87b53873f6c/codeium/manager/locks/child_lock_1740226519557090377_5938278518794165891
I0222 07:15:20.685931  1773 server.go:365] LSP listening on random port at 41399
41399
I0222 07:15:20.762235  1762 main.go:300] [Language Server Manager] Found random server port 38747
I0222 07:15:20.762270  1762 main.go:301] [Language Server Manager] Found random lsp port 41399
I0222 07:15:20.762286  1762 main.go:308] [Language Server Manager] Attempting to connect to language server at 127.0.0.1:38747
I0222 07:15:20.773796  1762 main.go:177] [Language Server Manager] Fixing language server port at 38747
I0222 07:15:20.773815  1762 main.go:360] [Language Server Manager] Successfully connected to new language server at 127.0.0.1:38747
(VSCode) 2025-02-22 07:15:20.862 [INFO]: Found language server running on port 38747
(VSCode) 2025-02-22 07:15:20.950 [INFO]: openAllTextDocuments took 16.885072999999466ms
