2025-02-22 07:38:16.799 [info] [main] Nivel de registro: Info
2025-02-22 07:38:16.799 [info] [main] Validando git encontrado en: "git"
2025-02-22 07:38:16.799 [info] [main] Usando git "2.48.1" de "git"
2025-02-22 07:38:16.799 [info] [Model][doInitialScan] Initial repository scan started
2025-02-22 07:38:16.799 [info] > git rev-parse --show-toplevel [4ms]
2025-02-22 07:38:16.799 [info] > git rev-parse --git-dir --git-common-dir [35ms]
2025-02-22 07:38:16.799 [info] [Model][openRepository] Opened repository: /var/www/pc-hard
2025-02-22 07:38:17.920 [info] > git rev-parse --show-toplevel [1099ms]
2025-02-22 07:38:17.921 [info] > git config --get commit.template [1111ms]
2025-02-22 07:38:17.921 [info] > git fetch [1133ms]
2025-02-22 07:38:17.921 [info] /bin/sh: warning: setlocale: LC_ALL: cannot change locale (en_US.UTF-8): No such file or directory
Missing or invalid credentials.
Skip silent fetch commands
/bin/sh: warning: setlocale: LC_ALL: cannot change locale (en_US.UTF-8): No such file or directory
Missing or invalid credentials.
Skip silent fetch commands
remote: Repository not found.
fatal: Authentication failed for 'https://github.com/jose-zapana/pc-hard.git/'
2025-02-22 07:38:18.252 [info] > git config --get commit.template [123ms]
2025-02-22 07:38:18.342 [info] > git for-each-ref --format=%(refname)%00%(upstream:short)%00%(objectname)%00%(upstream:track)%00%(upstream:remotename)%00%(upstream:remoteref) refs/heads/main refs/remotes/main [105ms]
2025-02-22 07:38:18.545 [info] > git for-each-ref --format=%(refname)%00%(upstream:short)%00%(objectname)%00%(upstream:track)%00%(upstream:remotename)%00%(upstream:remoteref) refs/heads/main refs/remotes/main [174ms]
2025-02-22 07:38:18.567 [info] > git check-ignore -v -z --stdin [15ms]
2025-02-22 07:38:18.627 [info] > git for-each-ref --format=%(refname)%00%(upstream:short)%00%(objectname)%00%(upstream:track)%00%(upstream:remotename)%00%(upstream:remoteref) refs/heads/main refs/remotes/main [30ms]
2025-02-22 07:38:18.642 [info] > git rev-parse --show-toplevel [58ms]
2025-02-22 07:38:18.674 [info] > git config --get commit.template [48ms]
2025-02-22 07:38:18.681 [info] > git rev-parse --show-toplevel [11ms]
2025-02-22 07:38:18.681 [info] > git for-each-ref --format=%(refname)%00%(upstream:short)%00%(objectname)%00%(upstream:track)%00%(upstream:remotename)%00%(upstream:remoteref) refs/heads/main refs/remotes/main [27ms]
2025-02-22 07:38:18.690 [info] > git config --get --local branch.main.vscode-merge-base [49ms]
2025-02-22 07:38:18.690 [warning] [Git][config] git config failed: Failed to execute git
2025-02-22 07:38:18.744 [info] > git config --get --local branch.main.vscode-merge-base [54ms]
2025-02-22 07:38:18.744 [warning] [Git][config] git config failed: Failed to execute git
2025-02-22 07:38:18.759 [info] > git rev-parse --show-toplevel [23ms]
2025-02-22 07:38:18.759 [info] > git for-each-ref --format=%(refname)%00%(upstream:short)%00%(objectname)%00%(upstream:track)%00%(upstream:remotename)%00%(upstream:remoteref) refs/heads/main refs/remotes/main [35ms]
2025-02-22 07:38:18.759 [info] > git reflog main --grep-reflog=branch: Created from *. [55ms]
2025-02-22 07:38:18.813 [info] > git symbolic-ref --short refs/remotes/origin/HEAD [46ms]
2025-02-22 07:38:18.813 [info] fatal: ref refs/remotes/origin/HEAD is not a symbolic ref
2025-02-22 07:38:18.813 [warning] [Repository][getDefaultBranch] Failed to get default branch details: Failed to execute git.
2025-02-22 07:38:18.823 [info] > git reflog main --grep-reflog=branch: Created from *. [72ms]
2025-02-22 07:38:18.975 [info] > git symbolic-ref --short refs/remotes/origin/HEAD [145ms]
2025-02-22 07:38:18.975 [info] fatal: ref refs/remotes/origin/HEAD is not a symbolic ref
2025-02-22 07:38:18.975 [warning] [Repository][getDefaultBranch] Failed to get default branch details: Failed to execute git.
2025-02-22 07:38:18.982 [info] > git merge-base refs/heads/main refs/remotes/origin/main [159ms]
2025-02-22 07:38:18.989 [info] > git rev-parse --show-toplevel [180ms]
2025-02-22 07:38:19.154 [info] > git diff --name-status -z --diff-filter=ADMR 4d25453c0f18cacb19c1b57a6e3d6e0d6d95d3e9...refs/remotes/origin/main [166ms]
2025-02-22 07:38:19.155 [info] > git merge-base refs/heads/main refs/remotes/origin/main [174ms]
2025-02-22 07:38:19.205 [info] > git status -z -uall [8ms]
2025-02-22 07:38:19.206 [info] > git diff --name-status -z --diff-filter=ADMR 4d25453c0f18cacb19c1b57a6e3d6e0d6d95d3e9...refs/remotes/origin/main [43ms]
2025-02-22 07:38:19.206 [info] > git rev-parse --show-toplevel [76ms]
2025-02-22 07:38:19.243 [info] > git for-each-ref --sort -committerdate --format %(refname) %(objectname) %(*objectname) [39ms]
2025-02-22 07:38:19.297 [info] > git rev-parse --show-toplevel [56ms]
2025-02-22 07:38:19.326 [info] > git rev-parse --show-toplevel [18ms]
2025-02-22 07:38:19.350 [info] > git rev-parse --show-toplevel [5ms]
2025-02-22 07:38:19.387 [info] > git rev-parse --show-toplevel [25ms]
2025-02-22 07:38:19.456 [info] > git rev-parse --show-toplevel [36ms]
2025-02-22 07:38:19.477 [info] > git rev-parse --show-toplevel [3ms]
2025-02-22 07:38:19.491 [info] > git rev-parse --show-toplevel [2ms]
2025-02-22 07:38:19.492 [info] [Model][doInitialScan] Initial repository scan completed - repositories (1), closed repositories (0), parent repositories (0), unsafe repositories (0)
2025-02-22 07:38:19.521 [info] > git show --textconv :app/Livewire/Admin/Quotes/QuotationCreate.php [20ms]
2025-02-22 07:38:19.522 [info] > git ls-files --stage -- /var/www/pc-hard/app/Livewire/Admin/Quotes/QuotationCreate.php [10ms]
2025-02-22 07:38:19.550 [info] > git cat-file -s 64f0edd55b53c3b304a2f8f796ebdf9422f1363d [20ms]
2025-02-22 07:38:19.593 [info] > git blame --root --incremental 4d25453c0f18cacb19c1b57a6e3d6e0d6d95d3e9 -- /var/www/pc-hard/app/Livewire/Admin/Quotes/QuotationCreate.php [12ms]
2025-02-22 07:38:19.930 [info] > git config --get --local branch.main.github-pr-owner-number [1ms]
2025-02-22 07:38:19.930 [warning] [Git][config] git config failed: Failed to execute git
2025-02-22 07:41:24.000 [info] > git rev-parse --show-toplevel [1ms]
2025-02-22 07:41:24.072 [info] > git rev-parse --show-toplevel [2ms]
