2025-02-22 07:45:56.028 [info] Reading sessions from keychain...
2025-02-22 07:45:56.028 [info] Getting sessions for all scopes...
2025-02-22 07:45:56.028 [info] Getting sessions for all scopes...
2025-02-22 07:45:56.028 [info] Got 0 sessions for ...
2025-02-22 07:45:56.028 [info] Got 0 sessions for ...
2025-02-22 07:45:56.028 [info] Reading sessions from keychain...
2025-02-22 07:45:56.028 [info] Getting sessions for read:user,repo,user:email...
2025-02-22 07:45:56.028 [info] Got 0 sessions for read:user,repo,user:email...
2025-02-22 07:45:56.028 [info] Getting sessions for project,read:org,read:user,repo,user:email,workflow...
2025-02-22 07:45:56.028 [info] Got 0 sessions for project,read:org,read:user,repo,user:email,workflow...
2025-02-22 07:45:56.047 [info] Getting sessions for read:user,repo,user:email,workflow...
2025-02-22 07:45:56.047 [info] Got 0 sessions for read:user,repo,user:email,workflow...
2025-02-22 07:45:56.105 [info] Getting sessions for read:user,repo,user:email,workflow...
2025-02-22 07:45:56.105 [info] Got 0 sessions for read:user,repo,user:email,workflow...
2025-02-22 07:45:56.173 [info] Getting sessions for read:user,repo,user:email...
2025-02-22 07:45:56.173 [info] Got 0 sessions for read:user,repo,user:email...
2025-02-22 07:45:56.173 [info] Getting sessions for read:user,repo,user:email...
2025-02-22 07:45:56.174 [info] Got 0 sessions for read:user,repo,user:email...
2025-02-22 07:45:56.220 [info] Getting sessions for read:user,repo,user:email,workflow...
2025-02-22 07:45:56.220 [info] Got 0 sessions for read:user,repo,user:email,workflow...
2025-02-22 07:45:56.220 [info] Getting sessions for read:user,repo,user:email...
2025-02-22 07:45:56.220 [info] Got 0 sessions for read:user,repo,user:email...
2025-02-22 07:46:28.298 [info] Getting sessions for read:user,repo,user:email,workflow...
2025-02-22 07:46:28.298 [info] Got 0 sessions for read:user,repo,user:email,workflow...
2025-02-22 07:55:32.352 [info] Getting sessions for read:user,repo,user:email,workflow...
2025-02-22 07:55:32.352 [info] Got 0 sessions for read:user,repo,user:email,workflow...
2025-02-22 07:55:34.794 [info] Logging in with 'any' account...
2025-02-22 07:55:34.794 [info] Logging in for the following scopes: read:user repo user:email workflow
2025-02-22 07:55:34.815 [info] Trying device code flow... (read:user repo user:email workflow)
2025-02-22 07:55:49.954 [info] Getting user info...
2025-02-22 07:55:50.343 [info] Got account info!
2025-02-22 07:55:50.345 [info] Storing 1 sessions...
2025-02-22 07:55:50.351 [info] Reading sessions from keychain...
2025-02-22 07:55:50.352 [info] Stored 1 sessions!
2025-02-22 07:55:50.352 [info] Login success!
2025-02-22 07:55:50.363 [info] Got stored sessions!
2025-02-22 07:55:50.363 [info] Got 1 verified sessions.
2025-02-22 07:55:50.461 [info] Getting sessions for project,read:org,read:user,repo,user:email,workflow...
2025-02-22 07:55:50.461 [info] Got 0 sessions for project,read:org,read:user,repo,user:email,workflow...
2025-02-22 07:55:50.461 [info] Getting sessions for read:user,repo,user:email...
2025-02-22 07:55:50.461 [info] Got 0 sessions for read:user,repo,user:email...
2025-02-22 07:55:50.465 [info] Getting sessions for read:user,repo,user:email,workflow...
2025-02-22 07:55:50.465 [info] Got 1 sessions for read:user,repo,user:email,workflow...
2025-02-22 07:55:50.465 [info] Getting sessions for read:user,repo,user:email...
2025-02-22 07:55:50.465 [info] Got 0 sessions for read:user,repo,user:email...
2025-02-22 07:55:50.877 [info] Getting sessions for read:user,repo,user:email,workflow...
2025-02-22 07:55:50.877 [info] Got 1 sessions for read:user,repo,user:email,workflow...
2025-02-22 07:55:50.908 [info] Getting sessions for read:user,repo,user:email,workflow...
2025-02-22 07:55:50.908 [info] Got 1 sessions for read:user,repo,user:email,workflow...
2025-02-22 07:55:50.950 [info] Getting sessions for read:user,repo,user:email,workflow...
2025-02-22 07:55:50.950 [info] Got 1 sessions for read:user,repo,user:email,workflow...
