2025-02-22 07:25:54.142 [info] Reading sessions from keychain...
2025-02-22 07:25:54.142 [info] Getting sessions for all scopes...
2025-02-22 07:25:54.142 [info] Getting sessions for all scopes...
2025-02-22 07:25:54.142 [info] Got stored sessions!
2025-02-22 07:25:54.142 [info] Got 1 verified sessions.
2025-02-22 07:25:54.142 [info] Got 1 sessions for ...
2025-02-22 07:25:54.142 [info] Got 1 sessions for ...
2025-02-22 07:25:54.142 [info] Getting sessions for read:user,repo,user:email...
2025-02-22 07:25:54.142 [info] Got 0 sessions for read:user,repo,user:email...
2025-02-22 07:25:54.142 [info] Getting sessions for read:user,repo,user:email,workflow...
2025-02-22 07:25:54.142 [info] Got 1 sessions for read:user,repo,user:email,workflow...
2025-02-22 07:25:54.142 [info] Getting sessions for project,read:org,read:user,repo,user:email,workflow...
2025-02-22 07:25:54.142 [info] Got 0 sessions for project,read:org,read:user,repo,user:email,workflow...
2025-02-22 07:25:54.245 [info] Getting sessions for read:user,repo,user:email,workflow...
2025-02-22 07:25:54.245 [info] Got 1 sessions for read:user,repo,user:email,workflow...
2025-02-22 07:25:54.341 [info] Getting sessions for read:user,repo,user:email...
2025-02-22 07:25:54.341 [info] Got 0 sessions for read:user,repo,user:email...
2025-02-22 07:25:54.692 [info] Getting sessions for read:user,repo,user:email,workflow...
2025-02-22 07:25:54.692 [info] Got 1 sessions for read:user,repo,user:email,workflow...
2025-02-22 07:34:53.652 [info] Getting sessions for read:user,repo,user:email,workflow...
2025-02-22 07:34:53.652 [info] Got 1 sessions for read:user,repo,user:email,workflow...
