2025-02-22 07:38:18.679 [info] Reading sessions from keychain...
2025-02-22 07:38:18.679 [info] Getting sessions for all scopes...
2025-02-22 07:38:18.679 [info] Getting sessions for all scopes...
2025-02-22 07:38:18.679 [info] Got stored sessions!
2025-02-22 07:38:18.679 [info] Got 1 verified sessions.
2025-02-22 07:38:18.679 [info] Got 1 sessions for ...
2025-02-22 07:38:18.679 [info] Got 1 sessions for ...
2025-02-22 07:38:18.679 [info] Getting sessions for read:user,repo,user:email...
2025-02-22 07:38:18.679 [info] Got 0 sessions for read:user,repo,user:email...
2025-02-22 07:38:18.679 [info] Getting sessions for project,read:org,read:user,repo,user:email,workflow...
2025-02-22 07:38:18.679 [info] Got 0 sessions for project,read:org,read:user,repo,user:email,workflow...
2025-02-22 07:38:18.754 [info] Getting sessions for read:user,repo,user:email,workflow...
2025-02-22 07:38:18.754 [info] Got 1 sessions for read:user,repo,user:email,workflow...
2025-02-22 07:38:18.767 [info] Getting sessions for read:user,repo,user:email,workflow...
2025-02-22 07:38:18.767 [info] Got 1 sessions for read:user,repo,user:email,workflow...
2025-02-22 07:38:19.351 [info] Getting sessions for read:user,repo,user:email...
2025-02-22 07:38:19.351 [info] Got 0 sessions for read:user,repo,user:email...
2025-02-22 07:38:19.696 [info] Getting sessions for read:user,repo,user:email,workflow...
2025-02-22 07:38:19.696 [info] Got 1 sessions for read:user,repo,user:email,workflow...
2025-02-22 07:41:24.072 [info] Getting sessions for read:user,repo,user:email...
2025-02-22 07:41:24.072 [info] Got 0 sessions for read:user,repo,user:email...
