2024-11-09 20:12:20 Arduino IDE 2.3.3
2024-11-09 20:12:20 Checking for frontend application configuration customizations. Module path: /opt/arduino-ide/resources/app/lib/backend/electron-main.js, destination 'package.json': /opt/arduino-ide/resources/app/package.json
2024-11-09 20:12:21 Setting 'theia.frontend.config.appVersion' application configuration value to: "2.3.3" (type of string)
2024-11-09 20:12:21 Setting 'theia.frontend.config.cliVersion' application configuration value to: "1.0.4" (type of string)
2024-11-09 20:12:21 Setting 'theia.frontend.config.buildDate' application configuration value to: "2024-09-25T09:35:36.309Z" (type of string)
2024-11-09 20:12:21 Frontend application configuration after modifications: {"applicationName":"Arduino IDE","defaultTheme":{"light":"arduino-theme","dark":"arduino-theme-dark"},"defaultIconTheme":"none","electron":{"windowOptions":{}},"defaultLocale":"","validatePreferencesSchema":false,"preferences":{"window.title":"${rootName}${activeEditorShort}${appName}","files.autoSave":"afterDelay","editor.minimap.enabled":false,"editor.tabSize":2,"editor.scrollBeyondLastLine":false,"editor.quickSuggestions":{"other":false,"comments":false,"strings":false},"editor.maxTokenizationLineLength":500,"editor.bracketPairColorization.enabled":false,"breadcrumbs.enabled":false,"workbench.tree.renderIndentGuides":"none","explorer.compactFolders":false},"appVersion":"2.3.3","cliVersion":"1.0.4","buildDate":"2024-09-25T09:35:36.309Z"}
2024-11-09 20:12:21 Starting backend process. PID: 32539
2024-11-09 20:12:21 Using browser-only version of superagent in non-browser environment
2024-11-09 20:12:21 Configuration directory URI: 'file:///home/jezs/.arduinoIDE'
2024-11-09 20:12:21 Configuring to accept webviews on '^.+\.webview\..+$' hostname.
2024-11-09 20:12:21 2024-11-10T01:12:21.806Z root INFO Backend Object.initialize: 5.3 ms [Finished 0.615 s after backend start]
2024-11-09 20:12:21 2024-11-10T01:12:21.807Z root INFO Backend Object.configure: 4.4 ms [Finished 0.616 s after backend start]
2024-11-09 20:12:21 2024-11-10T01:12:21.807Z root INFO Backend a.onStart: 2.6 ms [Finished 0.616 s after backend start]
2024-11-09 20:12:21 2024-11-10T01:12:21.808Z root INFO Backend a.configure: 0.4 ms [Finished 0.641 s after backend start]
2024-11-09 20:12:21 2024-11-10T01:12:21.808Z root INFO Backend d.onStart: 0.3 ms [Finished 0.641 s after backend start]
2024-11-09 20:12:21 2024-11-10T01:12:21.809Z root INFO Backend d.configure: 0.1 ms [Finished 0.641 s after backend start]
2024-11-09 20:12:21 2024-11-10T01:12:21.810Z root INFO Backend d.initialize: 25.4 ms [Finished 0.642 s after backend start]
2024-11-09 20:12:21 2024-11-10T01:12:21.810Z root INFO Backend c.onStart: 0.4 ms [Finished 0.642 s after backend start]
2024-11-09 20:12:21 2024-11-10T01:12:21.811Z root INFO Backend s.configure: 1.6 ms [Finished 0.643 s after backend start]
2024-11-09 20:12:21 2024-11-10T01:12:21.812Z config INFO >>> Initializing CLI configuration...
2024-11-09 20:12:21 2024-11-10T01:12:21.813Z root INFO Backend c.initialize: 0.6 ms [Finished 0.644 s after backend start]
2024-11-09 20:12:21 2024-11-10T01:12:21.813Z root INFO Backend x.onStart: 0.8 ms [Finished 0.644 s after backend start]
2024-11-09 20:12:21 2024-11-10T01:12:21.813Z config INFO Loading CLI configuration from /home/jezs/.arduinoIDE/arduino-cli.yaml...
2024-11-09 20:12:21 2024-11-10T01:12:21.814Z daemon INFO Starting daemon from /opt/arduino-ide/resources/app/lib/backend/resources/arduino-cli...
2024-11-09 20:12:21 2024-11-10T01:12:21.814Z root INFO Backend s.initialize: 0.5 ms [Finished 0.645 s after backend start]
2024-11-09 20:12:21 2024-11-10T01:12:21.814Z root INFO Backend w.onStart: 1.2 ms [Finished 0.646 s after backend start]
2024-11-09 20:12:21 2024-11-10T01:12:21.814Z root INFO Backend r.configure: 1.9 ms [Finished 0.646 s after backend start]
2024-11-09 20:12:21 2024-11-10T01:12:21.814Z discovery-log INFO start
2024-11-09 20:12:21 2024-11-10T01:12:21.814Z discovery-log INFO start new deferred
2024-11-09 20:12:21 2024-11-10T01:12:21.814Z root INFO Backend d.initialize: 0.5 ms [Finished 0.647 s after backend start]
2024-11-09 20:12:21 2024-11-10T01:12:21.814Z root INFO Backend y.onStart: 2.2 ms [Finished 0.649 s after backend start]
2024-11-09 20:12:21 2024-11-10T01:12:21.814Z root INFO Backend r.configure: 1.9 ms [Finished 0.649 s after backend start]
2024-11-09 20:12:21 2024-11-10T01:12:21.814Z root INFO Backend s.onStart: 0.5 ms [Finished 0.650 s after backend start]
2024-11-09 20:12:21 2024-11-10T01:12:21.814Z root INFO Backend h.configure: 0.4 ms [Finished 0.650 s after backend start]
2024-11-09 20:12:21 2024-11-10T01:12:21.814Z root INFO Backend a.configure: 0.1 ms [Finished 0.650 s after backend start]
2024-11-09 20:12:21 2024-11-10T01:12:21.814Z root INFO Backend l.configure: 0.1 ms [Finished 0.650 s after backend start]
2024-11-09 20:12:21 2024-11-10T01:12:21.816Z root INFO Theia app listening on http://127.0.0.1:44429.
2024-11-09 20:12:21 2024-11-10T01:12:21.816Z root INFO Finished starting backend application: 2.2 ms [Finished 0.652 s after backend start]
2024-11-09 20:12:21 2024-11-10T01:12:21.829Z root WARN The local plugin referenced by local-dir:/home/jezs/.arduinoIDE/plugins does not exist.
2024-11-09 20:12:21 2024-11-10T01:12:21.829Z root WARN The local plugin referenced by local-dir:/home/jezs/.arduinoIDE/extensions does not exist.
2024-11-09 20:12:21 2024-11-10T01:12:21.849Z daemon INFO time="2024-11-09T20:12:21-05:00" level=info msg="arduino-cli version 1.0.4"
time="2024-11-09T20:12:21-05:00" level=info msg="Using config file: /home/jezs/.arduinoIDE/arduino-cli.yaml"
time="2024-11-09T20:12:21-05:00" level=info msg="Executing `arduino-cli daemon`"
Daemon is now listening on 127.0.0.1:46591
{"IP":"127.0.0.1","Port":"46591"}
2024-11-09 20:12:21 2024-11-10T01:12:21.849Z daemon INFO Daemon is running.
2024-11-09 20:12:21 2024-11-10T01:12:21.858Z config INFO Loading CLI configuration from /home/jezs/.arduinoIDE/arduino-cli.yaml...
2024-11-09 20:12:21 2024-11-10T01:12:21.887Z config INFO Loaded CLI configuration: {"board_manager":{"additional_urls":[]}}
2024-11-09 20:12:21 2024-11-10T01:12:21.887Z config INFO Loading fallback CLI configuration to get 'directories.data' and 'directories.user'
2024-11-09 20:12:21 2024-11-10T01:12:21.889Z daemon INFO time="2024-11-09T20:12:21-05:00" level=info msg="Starting download" url="https://downloads.arduino.cc/libraries/library_index.tar.bz2"
2024-11-09 20:12:21 2024-11-10T01:12:21.897Z config INFO Loaded fallback CLI configuration: {"directories":{"user":"/home/jezs/Arduino","data":"/home/jezs/.arduino15"}}
2024-11-09 20:12:21 2024-11-10T01:12:21.897Z config INFO Merged CLI configuration with the fallback: {"directories":{"user":"/home/jezs/Arduino","data":"/home/jezs/.arduino15"},"board_manager":{"additional_urls":[]}}
2024-11-09 20:12:21 2024-11-10T01:12:21.897Z config INFO Loaded the CLI configuration.
2024-11-09 20:12:21 2024-11-10T01:12:21.898Z config INFO Mapped the CLI configuration: {"dataDirUri":"file:///home/jezs/.arduino15","sketchDirUri":"file:///home/jezs/Arduino","additionalUrls":[],"network":"none","locale":"en"}
2024-11-09 20:12:21 2024-11-10T01:12:21.898Z config INFO Validating the CLI configuration...
2024-11-09 20:12:21 2024-11-10T01:12:21.898Z config INFO The CLI config is valid.
2024-11-09 20:12:21 2024-11-10T01:12:21.898Z config INFO <<< Initialized the CLI configuration.
2024-11-09 20:12:21 2024-11-10T01:12:21.906Z root INFO Resolve plugins list: 92.7 ms [Finished 0.741 s after backend start]
2024-11-09 20:12:23 2024-11-10T01:12:23.222Z root INFO Deploy plugins list: 92.7 ms [Finished 2.058 s after backend start]
2024-11-09 20:12:23 Opening channel for service path '/services/electron-window'.
2024-11-09 20:12:23 2024-11-10T01:12:23.920Z daemon INFO time="2024-11-09T20:12:23-05:00" level=info msg="Updating index" url="https://downloads.arduino.cc/packages/package_index.tar.bz2"
time="2024-11-09T20:12:23-05:00" level=info msg="Starting download" url="https://downloads.arduino.cc/packages/package_index.tar.bz2"
2024-11-09 20:12:23 Opening channel for service path '/services/ide-updater'.
2024-11-09 20:12:24 2024-11-10T01:12:24.057Z daemon INFO time="2024-11-09T20:12:24-05:00" level=info msg="Checking signature" index=/home/jezs/.arduino15/package_index.json signatureFile=/home/jezs/.arduino15/package_index.json.sig trusted=true
time="2024-11-09T20:12:24-05:00" level=info msg="Loading hardware from: /home/jezs/.arduino15/packages"
time="2024-11-09T20:12:24-05:00" level=info msg="Starting download" url="https://downloads.arduino.cc/discovery/serial-discovery/serial-discovery_v1.4.1_Linux_64bit.tar.gz"
2024-11-09 20:12:24 2024-11-10T01:12:24.126Z daemon INFO time="2024-11-09T20:12:24-05:00" level=info msg="Installing tool" Tool="builtin:serial-discovery@1.4.1"
2024-11-09 20:12:24 2024-11-10T01:12:24.154Z daemon INFO time="2024-11-09T20:12:24-05:00" level=info msg="Skipping tool configuration." Tool="builtin:serial-discovery@1.4.1"
time="2024-11-09T20:12:24-05:00" level=info msg="Tool installed" Tool="builtin:serial-discovery@1.4.1"
2024-11-09 20:12:24 2024-11-10T01:12:24.154Z daemon INFO time="2024-11-09T20:12:24-05:00" level=info msg="Starting download" url="https://downloads.arduino.cc/monitor/serial-monitor/serial-monitor_v0.14.1_Linux_64bit.tar.gz"
2024-11-09 20:12:24 2024-11-10T01:12:24.249Z daemon INFO time="2024-11-09T20:12:24-05:00" level=info msg="Installing tool" Tool="builtin:serial-monitor@0.14.1"
2024-11-09 20:12:24 2024-11-10T01:12:24.277Z daemon INFO time="2024-11-09T20:12:24-05:00" level=info msg="Skipping tool configuration." Tool="builtin:serial-monitor@0.14.1"
time="2024-11-09T20:12:24-05:00" level=info msg="Tool installed" Tool="builtin:serial-monitor@0.14.1"
2024-11-09 20:12:24 2024-11-10T01:12:24.277Z daemon INFO time="2024-11-09T20:12:24-05:00" level=info msg="Starting download" url="https://downloads.arduino.cc/tools/ctags-5.8-arduino11-pm-x86_64-pc-linux-gnu.tar.bz2"
2024-11-09 20:12:24 2024-11-10T01:12:24.313Z daemon INFO time="2024-11-09T20:12:24-05:00" level=info msg="Installing tool" Tool="builtin:ctags@5.8-arduino11"
2024-11-09 20:12:24 2024-11-10T01:12:24.326Z root WARN Frontend a.configure took longer than the expected maximum 100 milliseconds: 323.3 ms [Finished 2.324 s after frontend start]
2024-11-09 20:12:24 2024-11-10T01:12:24.326Z root WARN A command editor.action.toggleStickyScroll is already registered.
2024-11-09 20:12:24 2024-11-10T01:12:24.349Z daemon INFO time="2024-11-09T20:12:24-05:00" level=info msg="Skipping tool configuration." Tool="builtin:ctags@5.8-arduino11"
2024-11-09 20:12:24 2024-11-10T01:12:24.349Z daemon INFO time="2024-11-09T20:12:24-05:00" level=info msg="Tool installed" Tool="builtin:ctags@5.8-arduino11"
time="2024-11-09T20:12:24-05:00" level=info msg="Starting download" url="https://downloads.arduino.cc/discovery/dfu-discovery/dfu-discovery_v0.1.2_Linux_64bit.tar.gz"
2024-11-09 20:12:24 2024-11-10T01:12:24.396Z daemon INFO time="2024-11-09T20:12:24-05:00" level=info msg="Installing tool" Tool="builtin:dfu-discovery@0.1.2"
2024-11-09 20:12:24 2024-11-10T01:12:24.447Z daemon INFO time="2024-11-09T20:12:24-05:00" level=info msg="Skipping tool configuration." Tool="builtin:dfu-discovery@0.1.2"
time="2024-11-09T20:12:24-05:00" level=info msg="Tool installed" Tool="builtin:dfu-discovery@0.1.2"
time="2024-11-09T20:12:24-05:00" level=info msg="Starting download" url="https://downloads.arduino.cc/discovery/mdns-discovery/mdns-discovery_v1.0.9_Linux_64bit.tar.gz"
2024-11-09 20:12:24 2024-11-10T01:12:24.506Z daemon INFO time="2024-11-09T20:12:24-05:00" level=info msg="Installing tool" Tool="builtin:mdns-discovery@1.0.9"
2024-11-09 20:12:24 2024-11-10T01:12:24.559Z daemon INFO time="2024-11-09T20:12:24-05:00" level=info msg="Skipping tool configuration." Tool="builtin:mdns-discovery@1.0.9"
time="2024-11-09T20:12:24-05:00" level=info msg="Tool installed" Tool="builtin:mdns-discovery@1.0.9"
time="2024-11-09T20:12:24-05:00" level=info msg="Loading tools from dir: /home/jezs/.arduino15/packages/builtin/tools"
time="2024-11-09T20:12:24-05:00" level=info msg="Loaded tool" tool="builtin:ctags@5.8-arduino11"
time="2024-11-09T20:12:24-05:00" level=info msg="Loaded tool" tool="builtin:dfu-discovery@0.1.2"
time="2024-11-09T20:12:24-05:00" level=info msg="Loaded tool" tool="builtin:mdns-discovery@1.0.9"
time="2024-11-09T20:12:24-05:00" level=info msg="Loaded tool" tool="builtin:serial-discovery@1.4.1"
time="2024-11-09T20:12:24-05:00" level=info msg="Loaded tool" tool="builtin:serial-monitor@0.14.1"
time="2024-11-09T20:12:24-05:00" level=info msg="Loading libraries index file" index=/home/jezs/.arduino15/library_index.json
2024-11-09 20:12:24 2024-11-10T01:12:24.836Z daemon INFO time="2024-11-09T20:12:24-05:00" level=info msg="Adding libraries dir" dir=/home/jezs/.arduino15/libraries isSingleLibrary=false location=ide
time="2024-11-09T20:12:24-05:00" level=info msg="Adding libraries dir" dir=/home/jezs/Arduino/libraries isSingleLibrary=false location=user
2024-11-09 20:12:24 2024-11-10T01:12:24.841Z discovery-log INFO start resolved watching
2024-11-09 20:12:24 2024-11-10T01:12:24.852Z discovery-log INFO {"eventType":"add","port":{"matchingBoardsList":[],"port":{"address":"/dev/ttyS0","label":"/dev/ttyS0","protocol":"serial","protocolLabel":"Serial Port","propertiesMap":[],"hardwareId":""}},"error":""}
2024-11-09 20:12:24 2024-11-10T01:12:24.874Z root WARN Frontend c.onStart took longer than the expected maximum 100 milliseconds: 363.2 ms [Finished 2.910 s after frontend start]
2024-11-09 20:12:24 2024-11-10T01:12:24.959Z root INFO Start frontend contributions: 1050.6 ms [Finished 2.927 s after frontend start]
2024-11-09 20:12:24 2024-11-10T01:12:24.959Z root INFO Changed application state from 'init' to 'started_contributions'.
2024-11-09 20:12:24 2024-11-10T01:12:24.974Z root INFO Changed application state from 'started_contributions' to 'attached_shell'.
2024-11-09 20:12:24 2024-11-10T01:12:24.977Z root INFO >>> Restoring the layout state...
2024-11-09 20:12:24 2024-11-10T01:12:24.978Z root INFO <<< Nothing to restore.
2024-11-09 20:12:25 2024-11-10T01:12:25.021Z root INFO Initialize the workbench layout: 36.2 ms [Finished 3.053 s after frontend start]
2024-11-09 20:12:25 2024-11-10T01:12:25.048Z root INFO Changed application state from 'attached_shell' to 'initialized_layout'.
2024-11-09 20:12:25 2024-11-10T01:12:25.125Z root INFO [e8f0d948-aa99-4e69-b60f-61bea3024cee] Waiting for backend deployment: 241.4 ms [Finished 3.156 s after frontend start]
2024-11-09 20:12:25 2024-11-10T01:12:25.430Z discovery-log INFO {"eventType":"add","port":{"matchingBoardsList":[],"port":{"address":"/dev/ttyUSB0","label":"/dev/ttyUSB0","protocol":"serial","protocolLabel":"Serial Port (USB)","propertiesMap":[["pid","0x7523"],["serialNumber",""],["vid","0x1a86"]],"hardwareId":""}},"error":""}
2024-11-09 20:12:25 2024-11-10T01:12:25.431Z root INFO [hosted-plugin: 32655] PLUGIN_HOST(32655) starting instance
2024-11-09 20:12:26 2024-11-10T01:12:26.488Z root INFO [e8f0d948-aa99-4e69-b60f-61bea3024cee] Sync of 23 plugins: 1339.5 ms [Finished 4.496 s after frontend start]
2024-11-09 20:12:26 2024-11-10T01:12:26.489Z root INFO [e8f0d948-aa99-4e69-b60f-61bea3024cee] Loading plugin contributions
2024-11-09 20:12:26 2024-11-10T01:12:26.489Z root INFO [e8f0d948-aa99-4e69-b60f-61bea3024cee] Load contributions of 23 plugins: 30.8 ms [Finished 4.527 s after frontend start]
2024-11-09 20:12:26 2024-11-10T01:12:26.794Z root WARN 'cpp' language is remapped from 'source.cpp.embedded.macro' to 'source.cpp' scope
2024-11-09 20:12:26 2024-11-10T01:12:26.794Z root WARN a registered grammar configuration for 'cpp' language is overridden
2024-11-09 20:12:27 2024-11-10T01:12:27.103Z root INFO Replace loading indicator with ready workbench UI (animation): 1766.7 ms [Finished 4.858 s after frontend start]
2024-11-09 20:12:27 2024-11-10T01:12:27.103Z root INFO Changed application state from 'initialized_layout' to 'ready'.
2024-11-09 20:12:27 2024-11-10T01:12:27.103Z root WARN Linked preference "workbench.colorCustomizations" not found.
2024-11-09 20:12:27 2024-11-10T01:12:27.106Z root INFO Frontend application start: 2799.4 ms [Finished 5.900 s after backend start]
2024-11-09 20:12:27 Checking for update
2024-11-09 20:12:27 Generated new staging user ID: f1d5ee61-f6b5-5aa1-b51f-57c1ea229309
2024-11-09 20:12:28 Update for version 2.3.3 is not available (latest version: 2.3.3, downgrade is allowed).
2024-11-09 20:12:28 2024-11-10T01:12:28.052Z root ERROR ---- !!!SLOW!!! DURATION: search took 711.423 ms. Args: [{"type":"Updatable"}] ----
2024-11-09 20:12:28 2024-11-10T01:12:28.053Z root ERROR ---- !!!SLOW!!! DURATION: search took 523.447 ms. Args: [{"query":"Arduino_BuiltIn"}] ----
2024-11-09 20:12:28 2024-11-10T01:12:28.064Z root INFO >>> Starting boards package installation... {
  id: 'arduino:avr',
  name: 'Arduino AVR Boards',
  summary: 'Boards included in this package:',
  description: 'Arduino Yún, Arduino UNO, Arduino UNO Mini, Arduino UNO WiFi, Arduino Diecimila, Arduino Nano, Arduino Mega, Arduino Mega ADK, Arduino Leonardo, Arduino Leonardo Ethernet, Arduino Micro, Arduino Esplora, Arduino Mini, Arduino Ethernet, Arduino Fio, Arduino BT, Arduino LilyPad USB, Arduino LilyPad, Arduino Pro, Arduino ATMegaNG, Arduino Robot Control, Arduino Robot Motor, Arduino Gemma, Adafruit Circuit Playground, Arduino Yún Mini, Arduino Industrial 101, Linino One',
  boards: [
    { name: 'Arduino Yún', fqbn: '' },
    { name: 'Arduino UNO', fqbn: '' },
    { name: 'Arduino UNO Mini', fqbn: '' },
    { name: 'Arduino UNO WiFi', fqbn: '' },
    { name: 'Arduino Diecimila', fqbn: '' },
    { name: 'Arduino Nano', fqbn: '' },
    { name: 'Arduino Mega', fqbn: '' },
    { name: 'Arduino Mega ADK', fqbn: '' },
    { name: 'Arduino Leonardo', fqbn: '' },
    { name: 'Arduino Leonardo Ethernet', fqbn: '' },
    { name: 'Arduino Micro', fqbn: '' },
    { name: 'Arduino Esplora', fqbn: '' },
    { name: 'Arduino Mini', fqbn: '' },
    { name: 'Arduino Ethernet', fqbn: '' },
    { name: 'Arduino Fio', fqbn: '' },
    { name: 'Arduino BT', fqbn: '' },
    { name: 'Arduino LilyPad USB', fqbn: '' },
    { name: 'Arduino LilyPad', fqbn: '' },
    { name: 'Arduino Pro', fqbn: '' },
    { name: 'Arduino ATMegaNG', fqbn: '' },
    { name: 'Arduino Robot Control', fqbn: '' },
    { name: 'Arduino Robot Motor', fqbn: '' },
    { name: 'Arduino Gemma', fqbn: '' },
    { name: 'Adafruit Circuit Playground', fqbn: '' },
    { name: 'Arduino Yún Mini', fqbn: '' },
    { name: 'Arduino Industrial 101', fqbn: '' },
    { name: 'Linino One', fqbn: '' }
  ],
  types: [ 'Arduino' ],
  moreInfoLink: 'http://www.arduino.cc/',
  author: 'Arduino',
  deprecated: false,
  availableVersions: [
    '1.8.6',  '1.8.5',  '1.8.4',
    '1.8.3',  '1.8.2',  '1.8.1',
    '1.6.23', '1.6.22', '1.6.21',
    '1.6.20', '1.6.19', '1.6.18',
    '1.6.17', '1.6.16', '1.6.15',
    '1.6.14', '1.6.13', '1.6.12',
    '1.6.11', '1.6.10', '1.6.9',
    '1.6.8',  '1.6.7',  '1.6.6',
    '1.6.5',  '1.6.4',  '1.6.3',
    '1.6.2'
  ],
  index: 0
}
2024-11-09 20:12:28 2024-11-10T01:12:28.066Z discovery-log INFO stop
2024-11-09 20:12:28 2024-11-10T01:12:28.066Z discovery-log INFO >>> Stopping boards watcher...
2024-11-09 20:12:28 2024-11-10T01:12:28.066Z discovery-log INFO Canceling boards watcher...
2024-11-09 20:12:28 2024-11-10T01:12:28.066Z discovery-log INFO disposing requesting cancel
2024-11-09 20:12:28 2024-11-10T01:12:28.066Z discovery-log INFO disposing canceled
2024-11-09 20:12:28 2024-11-10T01:12:28.067Z discovery-log INFO error received
2024-11-09 20:12:28 2024-11-10T01:12:28.067Z discovery-log INFO cancel error received!
2024-11-09 20:12:28 2024-11-10T01:12:28.067Z discovery-log INFO stop received event: either end or cancel
2024-11-09 20:12:28 2024-11-10T01:12:28.067Z discovery-log INFO stop stopped
2024-11-09 20:12:28 2024-11-10T01:12:28.067Z discovery-log INFO received end
2024-11-09 20:12:28 2024-11-10T01:12:28.071Z root INFO core-client-provider [platform-index] Descargando el índice: package_index.tar.bz2

2024-11-09 20:12:28 2024-11-10T01:12:28.072Z root INFO core-client-provider [library-index] Descargando el índice: library_index.tar.bz2

2024-11-09 20:12:28 2024-11-10T01:12:28.074Z daemon INFO time="2024-11-09T20:12:28-05:00" level=info msg="Updating index" url="https://downloads.arduino.cc/packages/package_index.tar.bz2"
time="2024-11-09T20:12:28-05:00" level=info msg="Starting download" url="https://downloads.arduino.cc/packages/package_index.tar.bz2"
time="2024-11-09T20:12:28-05:00" level=info msg="Starting download" url="https://downloads.arduino.cc/libraries/library_index.tar.bz2"
time="2024-11-09T20:12:28-05:00" level=info msg="Starting download" url="http://downloads.arduino.cc/tools/arduinoOTA-1.3.0-linux_amd64.tar.bz2"
2024-11-09 20:12:28 2024-11-10T01:12:28.173Z daemon INFO time="2024-11-09T20:12:28-05:00" level=info msg="Starting download" url="http://downloads.arduino.cc/tools/avr-gcc-7.3.0-atmel3.6.1-arduino7-x86_64-pc-linux-gnu.tar.bz2"
2024-11-09 20:12:28 2024-11-10T01:12:28.340Z root ERROR [hosted-plugin: 32655] Conflict in settings file Default: Ignoring cortex-debug.armToolchainPath.linux as cortex-debug.armToolchainPath is null
Conflict in settings file Default: Ignoring cortex-debug.armToolchainPath.osx as cortex-debug.armToolchainPath is null
Conflict in settings file Default: Ignoring cortex-debug.armToolchainPath.windows as cortex-debug.armToolchainPath is null
Conflict in settings file Default: Ignoring cortex-debug.JLinkGDBServerPath.linux as cortex-debug.JLinkGDBServerPath is null
2024-11-09 20:12:28 2024-11-10T01:12:28.342Z root ERROR [hosted-plugin: 32655] Conflict in settings file Default: Ignoring cortex-debug.JLinkGDBServerPath.osx as cortex-debug.JLinkGDBServerPath is null
Conflict in settings file Default: Ignoring cortex-debug.JLinkGDBServerPath.windows as cortex-debug.JLinkGDBServerPath is null
Conflict in settings file Default: Ignoring cortex-debug.openocdPath.linux as cortex-debug.openocdPath is null
2024-11-09 20:12:28 2024-11-10T01:12:28.344Z root ERROR [hosted-plugin: 32655] Conflict in settings file Default: Ignoring cortex-debug.openocdPath.osx as cortex-debug.openocdPath is null
Conflict in settings file Default: Ignoring cortex-debug.openocdPath.windows as cortex-debug.openocdPath is null
2024-11-09 20:12:28 2024-11-10T01:12:28.345Z root ERROR [hosted-plugin: 32655] Conflict in settings file Default: Ignoring cortex-debug.pyocdPath.linux as cortex-debug.pyocdPath is null
Conflict in settings file Default: Ignoring cortex-debug.pyocdPath.osx as cortex-debug.pyocdPath is null
Conflict in settings file Default: Ignoring cortex-debug.pyocdPath.windows as cortex-debug.pyocdPath is null
Conflict in settings file Default: Ignoring cortex-debug.PEGDBServerPath.linux as cortex-debug.PEGDBServerPath is null
Conflict in settings file Default: Ignoring cortex-debug.PEGDBServerPath.osx as cortex-debug.PEGDBServerPath is null
Conflict in settings file Default: Ignoring cortex-debug.PEGDBServerPath.windows as cortex-debug.PEGDBServerPath is null
Conflict in settings file Default: Ignoring cortex-debug.stutilPath.linux as cortex-debug.stutilPath is null
Conflict in settings file Default: Ignoring cortex-debug.stutilPath.osx as cortex-debug.stutilPath is null
Conflict in settings file Default: Ignoring cortex-debug.stutilPath.windows as cortex-debug.stutilPath is null
Conflict in settings file Default: Ignoring cortex-debug.stlinkPath.linux as cortex-debug.stlinkPath is null
Conflict in settings file Default: Ignoring cortex-debug.stlinkPath.osx as cortex-debug.stlinkPath is null
Conflict in settings file Default: Ignoring cortex-debug.stlinkPath.windows as cortex-debug.stlinkPath is null
Conflict in settings file Default: Ignoring cortex-debug.stm32cubeprogrammer.linux as cortex-debug.stm32cubeprogrammer is null
Conflict in settings file Default: Ignoring cortex-debug.stm32cubeprogrammer.osx as cortex-debug.stm32cubeprogrammer is null
Conflict in settings file Default: Ignoring cortex-debug.stm32cubeprogrammer.windows as cortex-debug.stm32cubeprogrammer is null
2024-11-09 20:12:28 2024-11-10T01:12:28.364Z root INFO [hosted-plugin: 32655] PLUGIN_HOST(32655): PluginManagerExtImpl/init()
2024-11-09 20:12:28 2024-11-10T01:12:28.380Z root INFO [hosted-plugin: 32655] PLUGIN_HOST(32655): initializing(vscode-arduino-api@0.1.2 with /opt/arduino-ide/resources/app/lib/backend/plugin-vscode-init)
2024-11-09 20:12:28 2024-11-10T01:12:28.469Z root INFO [hosted-plugin: 32655] PLUGIN_HOST(32655): initializing(cortex-debug@1.5.1 with /opt/arduino-ide/resources/app/lib/backend/plugin-vscode-init)
Debugger contribution has been registered: cortex-debug
2024-11-09 20:12:28 2024-11-10T01:12:28.473Z root INFO [hosted-plugin: 32655] PLUGIN_HOST(32655): initializing(vscode-arduino-tools@0.1.3 with /opt/arduino-ide/resources/app/lib/backend/plugin-vscode-init)
2024-11-09 20:12:28 2024-11-10T01:12:28.474Z root INFO [hosted-plugin: 32655] PLUGIN_HOST(32655): initializing(cpp@1.52.1 with /opt/arduino-ide/resources/app/lib/backend/plugin-vscode-init)
2024-11-09 20:12:28 2024-11-10T01:12:28.476Z root INFO [hosted-plugin: 32655] PLUGIN_HOST(32655): initializing(json@1.46.1 with /opt/arduino-ide/resources/app/lib/backend/plugin-vscode-init)
2024-11-09 20:12:28 2024-11-10T01:12:28.479Z root INFO [hosted-plugin: 32655] PLUGIN_HOST(32655): initializing(json-language-features@1.46.1 with /opt/arduino-ide/resources/app/lib/backend/plugin-vscode-init)
2024-11-09 20:12:28 2024-11-10T01:12:28.482Z root INFO [hosted-plugin: 32655] PLUGIN_HOST(32655): initializing(vscode-language-pack-bg@1.48.3 with /opt/arduino-ide/resources/app/lib/backend/plugin-vscode-init)
2024-11-09 20:12:28 2024-11-10T01:12:28.484Z root INFO [hosted-plugin: 32655] PLUGIN_HOST(32655): initializing(vscode-language-pack-cs@1.80.0 with /opt/arduino-ide/resources/app/lib/backend/plugin-vscode-init)
2024-11-09 20:12:28 2024-11-10T01:12:28.489Z root INFO [hosted-plugin: 32655] PLUGIN_HOST(32655): initializing(vscode-language-pack-de@1.80.0 with /opt/arduino-ide/resources/app/lib/backend/plugin-vscode-init)
2024-11-09 20:12:28 2024-11-10T01:12:28.491Z root INFO [hosted-plugin: 32655] PLUGIN_HOST(32655): initializing(vscode-language-pack-es@1.80.0 with /opt/arduino-ide/resources/app/lib/backend/plugin-vscode-init)
2024-11-09 20:12:28 2024-11-10T01:12:28.493Z root INFO [hosted-plugin: 32655] PLUGIN_HOST(32655): initializing(vscode-language-pack-fr@1.80.0 with /opt/arduino-ide/resources/app/lib/backend/plugin-vscode-init)
2024-11-09 20:12:28 2024-11-10T01:12:28.495Z root INFO [hosted-plugin: 32655] PLUGIN_HOST(32655): initializing(vscode-language-pack-hu@1.48.3 with /opt/arduino-ide/resources/app/lib/backend/plugin-vscode-init)
2024-11-09 20:12:28 2024-11-10T01:12:28.496Z root INFO [hosted-plugin: 32655] PLUGIN_HOST(32655): initializing(vscode-language-pack-it@1.80.0 with /opt/arduino-ide/resources/app/lib/backend/plugin-vscode-init)
2024-11-09 20:12:28 2024-11-10T01:12:28.496Z root INFO [hosted-plugin: 32655] PLUGIN_HOST(32655): initializing(vscode-language-pack-ja@1.80.0 with /opt/arduino-ide/resources/app/lib/backend/plugin-vscode-init)
2024-11-09 20:12:28 2024-11-10T01:12:28.497Z root INFO [hosted-plugin: 32655] PLUGIN_HOST(32655): initializing(vscode-language-pack-ko@1.80.0 with /opt/arduino-ide/resources/app/lib/backend/plugin-vscode-init)
2024-11-09 20:12:28 2024-11-10T01:12:28.497Z root INFO [hosted-plugin: 32655] PLUGIN_HOST(32655): initializing(vscode-language-pack-nl@1.48.3 with /opt/arduino-ide/resources/app/lib/backend/plugin-vscode-init)
2024-11-09 20:12:28 2024-11-10T01:12:28.498Z root INFO [hosted-plugin: 32655] PLUGIN_HOST(32655): initializing(vscode-language-pack-pl@1.80.0 with /opt/arduino-ide/resources/app/lib/backend/plugin-vscode-init)
2024-11-09 20:12:28 2024-11-10T01:12:28.498Z root INFO [hosted-plugin: 32655] PLUGIN_HOST(32655): initializing(vscode-language-pack-pt-BR@1.80.0 with /opt/arduino-ide/resources/app/lib/backend/plugin-vscode-init)
2024-11-09 20:12:28 2024-11-10T01:12:28.499Z root INFO [hosted-plugin: 32655] PLUGIN_HOST(32655): initializing(vscode-language-pack-ru@1.80.0 with /opt/arduino-ide/resources/app/lib/backend/plugin-vscode-init)
PLUGIN_HOST(32655): initializing(vscode-language-pack-tr@1.80.0 with /opt/arduino-ide/resources/app/lib/backend/plugin-vscode-init)
2024-11-09 20:12:28 2024-11-10T01:12:28.500Z root INFO [hosted-plugin: 32655] PLUGIN_HOST(32655): initializing(vscode-language-pack-uk@1.48.3 with /opt/arduino-ide/resources/app/lib/backend/plugin-vscode-init)
PLUGIN_HOST(32655): initializing(vscode-language-pack-zh-hans@1.80.0 with /opt/arduino-ide/resources/app/lib/backend/plugin-vscode-init)
2024-11-09 20:12:28 2024-11-10T01:12:28.500Z root INFO [hosted-plugin: 32655] PLUGIN_HOST(32655): initializing(vscode-language-pack-zh-hant@1.80.0 with /opt/arduino-ide/resources/app/lib/backend/plugin-vscode-init)
2024-11-09 20:12:28 2024-11-10T01:12:28.510Z root INFO [hosted-plugin: 32655] PLUGIN_HOST(32655): PluginManagerExtImpl/loadPlugin(/opt/arduino-ide/resources/app/plugins/vscode-arduino-api/extension/dist/extension.js)
2024-11-09 20:12:28 2024-11-10T01:12:28.515Z root INFO [hosted-plugin: 32655] calling activation function on Arduino IDE API for VS Code extensions
2024-11-09 20:12:28 2024-11-10T01:12:28.520Z root INFO [hosted-plugin: 32655] PLUGIN_HOST(32655): PluginManagerExtImpl/loadPlugin(/opt/arduino-ide/resources/app/plugins/vscode-builtin-json-language-features/extension/client/dist/jsonMain)
2024-11-09 20:12:28 2024-11-10T01:12:28.579Z root INFO [hosted-plugin: 32655] calling activation function on JSON Language Features (built-in)
2024-11-09 20:12:28 2024-11-10T01:12:28.589Z root INFO [e8f0d948-aa99-4e69-b60f-61bea3024cee] Starting plugins.
2024-11-09 20:12:28 2024-11-10T01:12:28.621Z root INFO [hosted-plugin: 32655] PLUGIN_HOST(32655): PluginManagerExtImpl/loadPlugin(/opt/arduino-ide/resources/app/plugins/cortex-debug/extension/dist/extension.js)
2024-11-09 20:12:28 2024-11-10T01:12:28.652Z daemon INFO time="2024-11-09T20:12:28-05:00" level=info msg="Starting download" url="http://downloads.arduino.cc/tools/avrdude-6.3.0-arduino17-x86_64-pc-linux-gnu.tar.bz2"
2024-11-09 20:12:28 2024-11-10T01:12:28.685Z root INFO [hosted-plugin: 32655] Debug configuration provider has been registered: cortex-debug, trigger: 1
2024-11-09 20:12:28 2024-11-10T01:12:28.689Z root INFO [hosted-plugin: 32655] calling activation function on Cortex-Debug
2024-11-09 20:12:28 2024-11-10T01:12:28.694Z daemon INFO time="2024-11-09T20:12:28-05:00" level=info msg="Starting download" url="http://downloads.arduino.cc/cores/staging/avr-1.8.6.tar.bz2"
2024-11-09 20:12:28 2024-11-10T01:12:28.698Z root INFO [hosted-plugin: 32655] GDB server console created
2024-11-09 20:12:28 2024-11-10T01:12:28.748Z root INFO [e8f0d948-aa99-4e69-b60f-61bea3024cee] Start of 23 plugins: 2242.0 ms [Finished 6.788 s after frontend start]
2024-11-09 20:12:28 2024-11-10T01:12:28.811Z daemon INFO time="2024-11-09T20:12:28-05:00" level=info msg="Installing tool" Tool="arduino:arduinoOTA@1.3.0"
2024-11-09 20:12:29 2024-11-10T01:12:29.401Z daemon INFO time="2024-11-09T20:12:29-05:00" level=info msg="Running tool post_install script" Tool="arduino:arduinoOTA@1.3.0"
2024-11-09 20:12:29 2024-11-10T01:12:29.402Z daemon INFO time="2024-11-09T20:12:29-05:00" level=info msg="Tool installed" Tool="arduino:arduinoOTA@1.3.0"
time="2024-11-09T20:12:29-05:00" level=info msg="Installing tool" Tool="arduino:avr-gcc@7.3.0-atmel3.6.1-arduino7"
2024-11-09 20:12:30 2024-11-10T01:12:30.002Z daemon INFO time="2024-11-09T20:12:30-05:00" level=info msg="Checking signature" index=/home/jezs/.arduino15/package_index.json signatureFile=/home/jezs/.arduino15/package_index.json.sig trusted=true
2024-11-09 20:12:30 2024-11-10T01:12:30.003Z daemon INFO time="2024-11-09T20:12:30-05:00" level=info msg="Loading hardware from: /home/jezs/.arduino15/packages"
2024-11-09 20:12:30 2024-11-10T01:12:30.003Z daemon INFO time="2024-11-09T20:12:30-05:00" level=info msg="Loading package arduino from: /home/jezs/.arduino15/packages/arduino"
time="2024-11-09T20:12:30-05:00" level=info msg="Checking existence of 'tools' path: /home/jezs/.arduino15/packages/arduino/tools"
time="2024-11-09T20:12:30-05:00" level=info msg="Loading tools from dir: /home/jezs/.arduino15/packages/arduino/tools"
2024-11-09 20:12:30 2024-11-10T01:12:30.003Z daemon INFO time="2024-11-09T20:12:30-05:00" level=info msg="Loaded tool" tool="arduino:arduinoOTA@1.3.0"
2024-11-09 20:12:30 2024-11-10T01:12:30.003Z daemon INFO time="2024-11-09T20:12:30-05:00" level=info msg="Loading package builtin from: /home/jezs/.arduino15/packages/builtin"
2024-11-09 20:12:30 2024-11-10T01:12:30.003Z daemon INFO time="2024-11-09T20:12:30-05:00" level=info msg="Checking existence of 'tools' path: /home/jezs/.arduino15/packages/builtin/tools"
time="2024-11-09T20:12:30-05:00" level=info msg="Loading tools from dir: /home/jezs/.arduino15/packages/builtin/tools"
2024-11-09 20:12:30 2024-11-10T01:12:30.004Z daemon INFO time="2024-11-09T20:12:30-05:00" level=info msg="Loaded tool" tool="builtin:ctags@5.8-arduino11"
2024-11-09 20:12:30 2024-11-10T01:12:30.004Z daemon INFO time="2024-11-09T20:12:30-05:00" level=info msg="Loaded tool" tool="builtin:dfu-discovery@0.1.2"
time="2024-11-09T20:12:30-05:00" level=info msg="Loaded tool" tool="builtin:mdns-discovery@1.0.9"
time="2024-11-09T20:12:30-05:00" level=info msg="Loaded tool" tool="builtin:serial-discovery@1.4.1"
time="2024-11-09T20:12:30-05:00" level=info msg="Loaded tool" tool="builtin:serial-monitor@0.14.1"
2024-11-09 20:12:39 2024-11-10T01:12:39.360Z daemon INFO time="2024-11-09T20:12:39-05:00" level=info msg="Running tool post_install script" Tool="arduino:avr-gcc@7.3.0-atmel3.6.1-arduino7"
time="2024-11-09T20:12:39-05:00" level=info msg="Tool installed" Tool="arduino:avr-gcc@7.3.0-atmel3.6.1-arduino7"
time="2024-11-09T20:12:39-05:00" level=info msg="Installing tool" Tool="arduino:avrdude@6.3.0-arduino17"
2024-11-09 20:12:39 2024-11-10T01:12:39.416Z daemon INFO time="2024-11-09T20:12:39-05:00" level=info msg="Running tool post_install script" Tool="arduino:avrdude@6.3.0-arduino17"
time="2024-11-09T20:12:39-05:00" level=info msg="Tool installed" Tool="arduino:avrdude@6.3.0-arduino17"
2024-11-09 20:12:39 2024-11-10T01:12:39.416Z daemon INFO time="2024-11-09T20:12:39-05:00" level=info msg="Installing platform" platform="arduino:avr@1.8.6"
2024-11-09 20:12:40 2024-11-10T01:12:40.790Z daemon INFO time="2024-11-09T20:12:40-05:00" level=info msg="Running post_install script" platform="arduino:avr@1.8.6"
time="2024-11-09T20:12:40-05:00" level=info msg="Platform installed" platform="arduino:avr@1.8.6"
2024-11-09 20:12:40 2024-11-10T01:12:40.791Z daemon INFO time="2024-11-09T20:12:40-05:00" level=info msg="Discovery event channel closed builtin:serial-discovery. Exiting goroutine."
2024-11-09 20:12:40 2024-11-10T01:12:40.792Z daemon INFO time="2024-11-09T20:12:40-05:00" level=info msg="Closed and removed discovery builtin:serial-discovery"
time="2024-11-09T20:12:40-05:00" level=error msg="Stopped decode loop: read |0: file already closed" discovery="builtin:serial-discovery"
2024-11-09 20:12:40 2024-11-10T01:12:40.793Z daemon INFO time="2024-11-09T20:12:40-05:00" level=info msg="Discovery event channel closed builtin:mdns-discovery. Exiting goroutine."
2024-11-09 20:12:40 2024-11-10T01:12:40.794Z daemon INFO time="2024-11-09T20:12:40-05:00" level=info msg="Closed and removed discovery builtin:mdns-discovery"
2024-11-09 20:12:40 2024-11-10T01:12:40.817Z daemon INFO time="2024-11-09T20:12:40-05:00" level=info msg="Checking signature" index=/home/jezs/.arduino15/package_index.json signatureFile=/home/jezs/.arduino15/package_index.json.sig trusted=true
2024-11-09 20:12:40 2024-11-10T01:12:40.835Z daemon INFO time="2024-11-09T20:12:40-05:00" level=info msg="Loading hardware from: /home/jezs/.arduino15/packages"
time="2024-11-09T20:12:40-05:00" level=info msg="Loading package arduino from: /home/jezs/.arduino15/packages/arduino/hardware"
time="2024-11-09T20:12:40-05:00" level=info msg="Missing signature file" index=/home/jezs/.arduino15/packages/arduino/hardware/avr/1.8.6/installed.json
2024-11-09 20:12:40 2024-11-10T01:12:40.858Z daemon INFO time="2024-11-09T20:12:40-05:00" level=info msg="Adding monitor tool" protocol=serial tool="builtin:serial-monitor"
time="2024-11-09T20:12:40-05:00" level=info msg="Loaded platform" platform="arduino:avr@1.8.6"
time="2024-11-09T20:12:40-05:00" level=info msg="Checking existence of 'tools' path: /home/jezs/.arduino15/packages/arduino/tools"
time="2024-11-09T20:12:40-05:00" level=info msg="Loading tools from dir: /home/jezs/.arduino15/packages/arduino/tools"
time="2024-11-09T20:12:40-05:00" level=info msg="Loaded tool" tool="arduino:arduinoOTA@1.3.0"
time="2024-11-09T20:12:40-05:00" level=info msg="Loaded tool" tool="arduino:avr-gcc@7.3.0-atmel3.6.1-arduino7"
time="2024-11-09T20:12:40-05:00" level=info msg="Loaded tool" tool="arduino:avrdude@6.3.0-arduino17"
time="2024-11-09T20:12:40-05:00" level=info msg="Loading package builtin from: /home/jezs/.arduino15/packages/builtin"
time="2024-11-09T20:12:40-05:00" level=info msg="Checking existence of 'tools' path: /home/jezs/.arduino15/packages/builtin/tools"
time="2024-11-09T20:12:40-05:00" level=info msg="Loading tools from dir: /home/jezs/.arduino15/packages/builtin/tools"
time="2024-11-09T20:12:40-05:00" level=info msg="Loaded tool" tool="builtin:ctags@5.8-arduino11"
time="2024-11-09T20:12:40-05:00" level=info msg="Loaded tool" tool="builtin:dfu-discovery@0.1.2"
time="2024-11-09T20:12:40-05:00" level=info msg="Loaded tool" tool="builtin:mdns-discovery@1.0.9"
time="2024-11-09T20:12:40-05:00" level=info msg="Loaded tool" tool="builtin:serial-discovery@1.4.1"
time="2024-11-09T20:12:40-05:00" level=info msg="Loaded tool" tool="builtin:serial-monitor@0.14.1"
time="2024-11-09T20:12:40-05:00" level=info msg="Loading libraries index file" index=/home/jezs/.arduino15/library_index.json
2024-11-09 20:12:41 2024-11-10T01:12:41.114Z daemon INFO time="2024-11-09T20:12:41-05:00" level=info msg="Adding libraries dir" dir=/home/jezs/.arduino15/libraries isSingleLibrary=false location=ide
time="2024-11-09T20:12:41-05:00" level=info msg="Adding libraries dir" dir=/home/jezs/Arduino/libraries isSingleLibrary=false location=user
2024-11-09 20:12:41 2024-11-10T01:12:41.117Z daemon INFO time="2024-11-09T20:12:41-05:00" level=info msg="Discovery event channel closed builtin:serial-discovery. Exiting goroutine."
time="2024-11-09T20:12:41-05:00" level=error msg="Waiting discovery process termination: signal: killed" discovery="builtin:serial-discovery"
time="2024-11-09T20:12:41-05:00" level=info msg="Closed and removed discovery builtin:serial-discovery"
time="2024-11-09T20:12:41-05:00" level=error msg="Stopped decode loop: read |0: file already closed" discovery="builtin:serial-discovery"
time="2024-11-09T20:12:41-05:00" level=info msg="Discovery event channel closed builtin:mdns-discovery. Exiting goroutine."
time="2024-11-09T20:12:41-05:00" level=info msg="Closed and removed discovery builtin:mdns-discovery"
2024-11-09 20:12:41 2024-11-10T01:12:41.125Z daemon INFO time="2024-11-09T20:12:41-05:00" level=info msg="Adding libraries dir" dir=/home/jezs/.arduino15/packages/arduino/hardware/avr/1.8.6/libraries isSingleLibrary=false location=platform
time="2024-11-09T20:12:41-05:00" level=info msg="Loading libraries index file" index=/home/jezs/.arduino15/library_index.json
2024-11-09 20:12:41 2024-11-10T01:12:41.362Z daemon INFO time="2024-11-09T20:12:41-05:00" level=info msg="Adding libraries dir" dir=/home/jezs/.arduino15/libraries isSingleLibrary=false location=ide
time="2024-11-09T20:12:41-05:00" level=info msg="Adding libraries dir" dir=/home/jezs/Arduino/libraries isSingleLibrary=false location=user
2024-11-09 20:12:41 2024-11-10T01:12:41.367Z discovery-log INFO start
2024-11-09 20:12:41 2024-11-10T01:12:41.367Z discovery-log INFO start new deferred
2024-11-09 20:12:41 2024-11-10T01:12:41.367Z discovery-log INFO start resolved watching
2024-11-09 20:12:41 2024-11-10T01:12:41.383Z discovery-log INFO {"eventType":"add","port":{"matchingBoardsList":[],"port":{"address":"/dev/ttyS0","label":"/dev/ttyS0","protocol":"serial","protocolLabel":"Serial Port","propertiesMap":[],"hardwareId":""}},"error":""}
2024-11-09 20:12:41 2024-11-10T01:12:41.389Z discovery-log INFO {"eventType":"add","port":{"matchingBoardsList":[],"port":{"address":"/dev/ttyUSB0","label":"/dev/ttyUSB0","protocol":"serial","protocolLabel":"Serial Port (USB)","propertiesMap":[["pid","0x7523"],["serialNumber",""],["vid","0x1a86"]],"hardwareId":""}},"error":""}
2024-11-09 20:12:41 2024-11-10T01:12:41.412Z root INFO <<< Boards package installation done. {
  id: 'arduino:avr',
  name: 'Arduino AVR Boards',
  summary: 'Boards included in this package:',
  description: 'Arduino Yún, Arduino UNO, Arduino UNO Mini, Arduino UNO WiFi, Arduino Diecimila, Arduino Nano, Arduino Mega, Arduino Mega ADK, Arduino Leonardo, Arduino Leonardo Ethernet, Arduino Micro, Arduino Esplora, Arduino Mini, Arduino Ethernet, Arduino Fio, Arduino BT, Arduino LilyPad USB, Arduino LilyPad, Arduino Pro, Arduino ATMegaNG, Arduino Robot Control, Arduino Robot Motor, Arduino Gemma, Adafruit Circuit Playground, Arduino Yún Mini, Arduino Industrial 101, Linino One',
  boards: [
    { name: 'Arduino Yún', fqbn: '' },
    { name: 'Arduino UNO', fqbn: '' },
    { name: 'Arduino UNO Mini', fqbn: '' },
    { name: 'Arduino UNO WiFi', fqbn: '' },
    { name: 'Arduino Diecimila', fqbn: '' },
    { name: 'Arduino Nano', fqbn: '' },
    { name: 'Arduino Mega', fqbn: '' },
    { name: 'Arduino Mega ADK', fqbn: '' },
    { name: 'Arduino Leonardo', fqbn: '' },
    { name: 'Arduino Leonardo Ethernet', fqbn: '' },
    { name: 'Arduino Micro', fqbn: '' },
    { name: 'Arduino Esplora', fqbn: '' },
    { name: 'Arduino Mini', fqbn: '' },
    { name: 'Arduino Ethernet', fqbn: '' },
    { name: 'Arduino Fio', fqbn: '' },
    { name: 'Arduino BT', fqbn: '' },
    { name: 'Arduino LilyPad USB', fqbn: '' },
    { name: 'Arduino LilyPad', fqbn: '' },
    { name: 'Arduino Pro', fqbn: '' },
    { name: 'Arduino ATMegaNG', fqbn: '' },
    { name: 'Arduino Robot Control', fqbn: '' },
    { name: 'Arduino Robot Motor', fqbn: '' },
    { name: 'Arduino Gemma', fqbn: '' },
    { name: 'Adafruit Circuit Playground', fqbn: '' },
    { name: 'Arduino Yún Mini', fqbn: '' },
    { name: 'Arduino Industrial 101', fqbn: '' },
    { name: 'Linino One', fqbn: '' }
  ],
  types: [ 'Arduino' ],
  moreInfoLink: 'http://www.arduino.cc/',
  author: 'Arduino',
  deprecated: false,
  availableVersions: [
    '1.8.6',  '1.8.5',  '1.8.4',
    '1.8.3',  '1.8.2',  '1.8.1',
    '1.6.23', '1.6.22', '1.6.21',
    '1.6.20', '1.6.19', '1.6.18',
    '1.6.17', '1.6.16', '1.6.15',
    '1.6.14', '1.6.13', '1.6.12',
    '1.6.11', '1.6.10', '1.6.9',
    '1.6.8',  '1.6.7',  '1.6.6',
    '1.6.5',  '1.6.4',  '1.6.3',
    '1.6.2'
  ],
  index: 0
}
2024-11-09 20:12:41 2024-11-10T01:12:41.420Z root INFO >>> Starting library package installation... {
  name: 'Arduino_BuiltIn',
  exampleUris: [],
  location: 0,
  installedVersion: undefined,
  author: 'Arduino',
  availableVersions: [ '1.0.0' ],
  includes: [],
  description: 'The sole purpose of this library is to install the standard Arduino libraries which are typically included with the Arduino IDE.',
  moreInfoLink: 'https://github.com/arduino-libraries/Arduino_BuiltIn',
  summary: 'Shell Arduino library to provide the standard built-in libraries',
  category: 'Other',
  types: [ 'Arduino' ],
  index: 0
}
2024-11-09 20:12:41 2024-11-10T01:12:41.420Z discovery-log INFO stop
2024-11-09 20:12:41 2024-11-10T01:12:41.420Z discovery-log INFO >>> Stopping boards watcher...
2024-11-09 20:12:41 2024-11-10T01:12:41.420Z discovery-log INFO Canceling boards watcher...
2024-11-09 20:12:41 2024-11-10T01:12:41.420Z discovery-log INFO disposing requesting cancel
2024-11-09 20:12:41 2024-11-10T01:12:41.420Z discovery-log INFO disposing canceled
2024-11-09 20:12:41 2024-11-10T01:12:41.421Z discovery-log INFO error received
2024-11-09 20:12:41 2024-11-10T01:12:41.421Z discovery-log INFO cancel error received!
2024-11-09 20:12:41 2024-11-10T01:12:41.421Z discovery-log INFO stop received event: either end or cancel
2024-11-09 20:12:41 2024-11-10T01:12:41.421Z discovery-log INFO stop stopped
2024-11-09 20:12:41 2024-11-10T01:12:41.422Z discovery-log INFO received end
2024-11-09 20:12:41 2024-11-10T01:12:41.462Z daemon INFO time="2024-11-09T20:12:41-05:00" level=info msg="Starting download" url="https://downloads.arduino.cc/libraries/github.com/arduino-libraries/LiquidCrystal-1.0.7.zip?query=depends"
2024-11-09 20:12:41 2024-11-10T01:12:41.517Z daemon INFO time="2024-11-09T20:12:41-05:00" level=info msg="Installing library" library=LiquidCrystal@1.0.7
2024-11-09 20:12:41 2024-11-10T01:12:41.521Z daemon INFO time="2024-11-09T20:12:41-05:00" level=info msg="Starting download" url="https://downloads.arduino.cc/libraries/github.com/arduino-libraries/Mouse-1.0.1.zip?query=depends"
2024-11-09 20:12:41 2024-11-10T01:12:41.585Z daemon INFO time="2024-11-09T20:12:41-05:00" level=info msg="Installing library" library=Mouse@1.0.1
2024-11-09 20:12:41 2024-11-10T01:12:41.587Z daemon INFO time="2024-11-09T20:12:41-05:00" level=info msg="Starting download" url="https://downloads.arduino.cc/libraries/github.com/arduino-libraries/Servo-1.2.2.zip?query=depends"
2024-11-09 20:12:41 2024-11-10T01:12:41.646Z daemon INFO time="2024-11-09T20:12:41-05:00" level=info msg="Installing library" library=Servo@1.2.2
2024-11-09 20:12:41 2024-11-10T01:12:41.652Z daemon INFO time="2024-11-09T20:12:41-05:00" level=info msg="Starting download" url="https://downloads.arduino.cc/libraries/github.com/arduino-libraries/Stepper-1.1.3.zip?query=depends"
2024-11-09 20:12:41 2024-11-10T01:12:41.815Z daemon INFO time="2024-11-09T20:12:41-05:00" level=info msg="Installing library" library=Stepper@1.1.3
2024-11-09 20:12:41 2024-11-10T01:12:41.818Z daemon INFO time="2024-11-09T20:12:41-05:00" level=info msg="Starting download" url="https://downloads.arduino.cc/libraries/github.com/arduino-libraries/SD-1.3.0.zip?query=depends"
2024-11-09 20:12:41 2024-11-10T01:12:41.886Z daemon INFO time="2024-11-09T20:12:41-05:00" level=info msg="Installing library" library=SD@1.3.0
2024-11-09 20:12:41 2024-11-10T01:12:41.891Z daemon INFO time="2024-11-09T20:12:41-05:00" level=info msg="Starting download" url="https://downloads.arduino.cc/libraries/github.com/arduino-libraries/TFT-1.0.6.zip?query=depends"
2024-11-09 20:12:41 2024-11-10T01:12:41.943Z daemon INFO time="2024-11-09T20:12:41-05:00" level=info msg="Installing library" library=TFT@1.0.6
2024-11-09 20:12:41 2024-11-10T01:12:41.946Z daemon INFO time="2024-11-09T20:12:41-05:00" level=info msg="Starting download" url="https://downloads.arduino.cc/libraries/github.com/arduino-libraries/Keyboard-1.0.6.zip?query=depends"
2024-11-09 20:12:42 2024-11-10T01:12:41.999Z daemon INFO time="2024-11-09T20:12:41-05:00" level=info msg="Installing library" library=Keyboard@1.0.6
2024-11-09 20:12:42 2024-11-10T01:12:42.001Z daemon INFO time="2024-11-09T20:12:42-05:00" level=info msg="Starting download" url="https://downloads.arduino.cc/libraries/github.com/arduino-libraries/Ethernet-2.0.2.zip?query=depends"
2024-11-09 20:12:42 2024-11-10T01:12:42.069Z daemon INFO time="2024-11-09T20:12:42-05:00" level=info msg="Installing library" library=Ethernet@2.0.2
2024-11-09 20:12:42 2024-11-10T01:12:42.074Z daemon INFO time="2024-11-09T20:12:42-05:00" level=info msg="Starting download" url="https://downloads.arduino.cc/libraries/github.com/arduino-libraries/Arduino_BuiltIn-1.0.0.zip?query=install-builtin"
2024-11-09 20:12:42 2024-11-10T01:12:42.130Z daemon INFO time="2024-11-09T20:12:42-05:00" level=info msg="Installing library" library=Arduino_BuiltIn@1.0.0
2024-11-09 20:12:42 2024-11-10T01:12:42.132Z daemon INFO time="2024-11-09T20:12:42-05:00" level=info msg="Starting download" url="https://downloads.arduino.cc/libraries/github.com/firmata/Firmata-2.5.9.zip?query=depends"
2024-11-09 20:12:42 2024-11-10T01:12:42.197Z daemon INFO time="2024-11-09T20:12:42-05:00" level=info msg="Installing library" library=Firmata@2.5.9
2024-11-09 20:12:42 2024-11-10T01:12:42.236Z daemon INFO time="2024-11-09T20:12:42-05:00" level=info msg="Checking signature" index=/home/jezs/.arduino15/package_index.json signatureFile=/home/jezs/.arduino15/package_index.json.sig trusted=true
2024-11-09 20:12:42 2024-11-10T01:12:42.237Z daemon INFO time="2024-11-09T20:12:42-05:00" level=info msg="Loading hardware from: /home/jezs/.arduino15/packages"
2024-11-09 20:12:42 2024-11-10T01:12:42.237Z daemon INFO time="2024-11-09T20:12:42-05:00" level=info msg="Loading package arduino from: /home/jezs/.arduino15/packages/arduino/hardware"
2024-11-09 20:12:42 2024-11-10T01:12:42.238Z daemon INFO time="2024-11-09T20:12:42-05:00" level=info msg="Missing signature file" index=/home/jezs/.arduino15/packages/arduino/hardware/avr/1.8.6/installed.json
2024-11-09 20:12:42 2024-11-10T01:12:42.240Z daemon INFO time="2024-11-09T20:12:42-05:00" level=info msg="Adding monitor tool" protocol=serial tool="builtin:serial-monitor"
time="2024-11-09T20:12:42-05:00" level=info msg="Loaded platform" platform="arduino:avr@1.8.6"
time="2024-11-09T20:12:42-05:00" level=info msg="Checking existence of 'tools' path: /home/jezs/.arduino15/packages/arduino/tools"
2024-11-09 20:12:42 2024-11-10T01:12:42.240Z daemon INFO time="2024-11-09T20:12:42-05:00" level=info msg="Loading tools from dir: /home/jezs/.arduino15/packages/arduino/tools"
time="2024-11-09T20:12:42-05:00" level=info msg="Loaded tool" tool="arduino:arduinoOTA@1.3.0"
time="2024-11-09T20:12:42-05:00" level=info msg="Loaded tool" tool="arduino:avr-gcc@7.3.0-atmel3.6.1-arduino7"
time="2024-11-09T20:12:42-05:00" level=info msg="Loaded tool" tool="arduino:avrdude@6.3.0-arduino17"
2024-11-09 20:12:42 2024-11-10T01:12:42.240Z daemon INFO time="2024-11-09T20:12:42-05:00" level=info msg="Loading package builtin from: /home/jezs/.arduino15/packages/builtin"
time="2024-11-09T20:12:42-05:00" level=info msg="Checking existence of 'tools' path: /home/jezs/.arduino15/packages/builtin/tools"
2024-11-09 20:12:42 2024-11-10T01:12:42.240Z daemon INFO time="2024-11-09T20:12:42-05:00" level=info msg="Loading tools from dir: /home/jezs/.arduino15/packages/builtin/tools"
2024-11-09 20:12:42 2024-11-10T01:12:42.240Z daemon INFO time="2024-11-09T20:12:42-05:00" level=info msg="Loaded tool" tool="builtin:ctags@5.8-arduino11"
2024-11-09 20:12:42 2024-11-10T01:12:42.240Z daemon INFO time="2024-11-09T20:12:42-05:00" level=info msg="Loaded tool" tool="builtin:dfu-discovery@0.1.2"
time="2024-11-09T20:12:42-05:00" level=info msg="Loaded tool" tool="builtin:mdns-discovery@1.0.9"
2024-11-09 20:12:42 2024-11-10T01:12:42.240Z daemon INFO time="2024-11-09T20:12:42-05:00" level=info msg="Loaded tool" tool="builtin:serial-discovery@1.4.1"
2024-11-09 20:12:42 2024-11-10T01:12:42.241Z daemon INFO time="2024-11-09T20:12:42-05:00" level=info msg="Loaded tool" tool="builtin:serial-monitor@0.14.1"
2024-11-09 20:12:42 2024-11-10T01:12:42.244Z daemon INFO time="2024-11-09T20:12:42-05:00" level=info msg="Discovery event channel closed builtin:serial-discovery. Exiting goroutine."
2024-11-09 20:12:42 2024-11-10T01:12:42.245Z daemon INFO time="2024-11-09T20:12:42-05:00" level=info msg="Closed and removed discovery builtin:serial-discovery"
time="2024-11-09T20:12:42-05:00" level=info msg="Discovery event channel closed builtin:mdns-discovery. Exiting goroutine."
time="2024-11-09T20:12:42-05:00" level=info msg="Closed and removed discovery builtin:mdns-discovery"
2024-11-09 20:12:42 2024-11-10T01:12:42.252Z daemon INFO time="2024-11-09T20:12:42-05:00" level=info msg="Adding libraries dir" dir=/home/jezs/.arduino15/packages/arduino/hardware/avr/1.8.6/libraries isSingleLibrary=false location=platform
time="2024-11-09T20:12:42-05:00" level=info msg="Loading libraries index file" index=/home/jezs/.arduino15/library_index.json
2024-11-09 20:12:42 2024-11-10T01:12:42.510Z daemon INFO time="2024-11-09T20:12:42-05:00" level=info msg="Adding libraries dir" dir=/home/jezs/.arduino15/libraries isSingleLibrary=false location=ide
time="2024-11-09T20:12:42-05:00" level=info msg="Adding libraries dir" dir=/home/jezs/Arduino/libraries isSingleLibrary=false location=user
2024-11-09 20:12:42 2024-11-10T01:12:42.521Z discovery-log INFO start
2024-11-09 20:12:42 2024-11-10T01:12:42.521Z discovery-log INFO start new deferred
2024-11-09 20:12:42 2024-11-10T01:12:42.521Z discovery-log INFO start resolved watching
2024-11-09 20:12:42 2024-11-10T01:12:42.523Z discovery-log INFO {"eventType":"add","port":{"matchingBoardsList":[],"port":{"address":"/dev/ttyS0","label":"/dev/ttyS0","protocol":"serial","protocolLabel":"Serial Port","propertiesMap":[],"hardwareId":""}},"error":""}
2024-11-09 20:12:42 2024-11-10T01:12:42.524Z discovery-log INFO {"eventType":"add","port":{"matchingBoardsList":[],"port":{"address":"/dev/ttyUSB0","label":"/dev/ttyUSB0","protocol":"serial","protocolLabel":"Serial Port (USB)","propertiesMap":[["pid","0x7523"],["serialNumber",""],["vid","0x1a86"]],"hardwareId":""}},"error":""}
2024-11-09 20:12:43 2024-11-10T01:12:43.054Z root ERROR ---- !!!SLOW!!! DURATION: search took 532.761 ms. Args: [{}] ----
2024-11-09 20:12:43 2024-11-10T01:12:43.054Z root INFO <<< Library package installation done. {
  name: 'Arduino_BuiltIn',
  exampleUris: [],
  location: 0,
  installedVersion: undefined,
  author: 'Arduino',
  availableVersions: [ '1.0.0' ],
  includes: [],
  description: 'The sole purpose of this library is to install the standard Arduino libraries which are typically included with the Arduino IDE.',
  moreInfoLink: 'https://github.com/arduino-libraries/Arduino_BuiltIn',
  summary: 'Shell Arduino library to provide the standard built-in libraries',
  category: 'Other',
  types: [ 'Arduino' ],
  index: 0
}
2024-11-09 20:12:45 2024-11-10T01:12:45.135Z daemon INFO time="2024-11-09T20:12:45-05:00" level=info msg="Tool required for debug" tool="arduino:arduinoOTA@1.3.0"
time="2024-11-09T20:12:45-05:00" level=info msg="Tool required for debug" tool="arduino:avr-gcc@7.3.0-atmel3.6.1-arduino7"
time="2024-11-09T20:12:45-05:00" level=info msg="Tool required for debug" tool="arduino:avrdude@6.3.0-arduino17"
time="2024-11-09T20:12:45-05:00" level=info msg="Tool required for debug" tool="builtin:ctags@5.8-arduino11"
time="2024-11-09T20:12:45-05:00" level=info msg="Tool required for debug" tool="builtin:dfu-discovery@0.1.2"
time="2024-11-09T20:12:45-05:00" level=info msg="Tool required for debug" tool="builtin:mdns-discovery@1.0.9"
time="2024-11-09T20:12:45-05:00" level=info msg="Tool required for debug" tool="builtin:serial-discovery@1.4.1"
time="2024-11-09T20:12:45-05:00" level=info msg="Tool required for debug" tool="builtin:serial-monitor@0.14.1"
2024-11-09 20:12:45 2024-11-10T01:12:45.140Z root ERROR Failed to get debug config: arduino:avr:uno, undefined Error: Debugging is not supported.
    at Object.callback (/opt/arduino-ide/resources/app/lib/backend/main.js:2:82209)
    at Object.onReceiveStatus (/opt/arduino-ide/resources/app/lib/backend/main.js:2:937838)
    at Object.onReceiveStatus (/opt/arduino-ide/resources/app/lib/backend/main.js:2:933789)
    at Object.onReceiveStatus (/opt/arduino-ide/resources/app/lib/backend/main.js:2:933234)
    at /opt/arduino-ide/resources/app/lib/backend/main.js:2:1019356
    at process.processTicksAndRejections (node:internal/process/task_queues:77:11)
2024-11-09 20:12:45 2024-11-10T01:12:45.140Z root ERROR Request checkDebugEnabled failed with error: Debugging is not supported. Error: Debugging is not supported.
    at Object.callback (/opt/arduino-ide/resources/app/lib/backend/main.js:2:82209)
    at Object.onReceiveStatus (/opt/arduino-ide/resources/app/lib/backend/main.js:2:937838)
    at Object.onReceiveStatus (/opt/arduino-ide/resources/app/lib/backend/main.js:2:933789)
    at Object.onReceiveStatus (/opt/arduino-ide/resources/app/lib/backend/main.js:2:933234)
    at /opt/arduino-ide/resources/app/lib/backend/main.js:2:1019356
    at process.processTicksAndRejections (node:internal/process/task_queues:77:11)
2024-11-09 20:12:45 2024-11-10T01:12:45.152Z root INFO Starting language server: arduino:avr:uno
2024-11-09 20:12:45 2024-11-10T01:12:45.184Z root INFO [hosted-plugin: 32655] PLUGIN_HOST(32655): PluginManagerExtImpl/loadPlugin(/opt/arduino-ide/resources/app/plugins/vscode-arduino-tools/extension/dist/extension.js)
2024-11-09 20:12:45 2024-11-10T01:12:45.216Z root INFO [hosted-plugin: 32655] calling activation function on VS Code Arduino Tools
2024-11-09 20:12:45 2024-11-10T01:12:45.271Z daemon INFO time="2024-11-09T20:12:45-05:00" level=info msg="Adding libraries dir" dir=/home/jezs/.arduino15/libraries isSingleLibrary=false location=ide
time="2024-11-09T20:12:45-05:00" level=info msg="Adding libraries dir" dir=/home/jezs/.arduino15/packages/arduino/hardware/avr/1.8.6/libraries isSingleLibrary=false location=platform
time="2024-11-09T20:12:45-05:00" level=info msg="Adding libraries dir" dir=/home/jezs/Arduino/libraries isSingleLibrary=false location=user
2024-11-09 20:12:45 2024-11-10T01:12:45.438Z daemon INFO time="2024-11-09T20:12:45-05:00" level=info msg="Adding libraries dir" dir=/home/jezs/.arduino15/libraries isSingleLibrary=false location=ide
time="2024-11-09T20:12:45-05:00" level=info msg="Adding libraries dir" dir=/home/jezs/.arduino15/packages/arduino/hardware/avr/1.8.6/libraries isSingleLibrary=false location=platform
2024-11-09 20:12:45 2024-11-10T01:12:45.438Z daemon INFO time="2024-11-09T20:12:45-05:00" level=info msg="Adding libraries dir" dir=/home/jezs/Arduino/libraries isSingleLibrary=false location=user
2024-11-09 20:12:51 2024-11-10T01:12:51.075Z daemon INFO time="2024-11-09T20:12:51-05:00" level=info msg="Adding libraries dir" dir=/home/jezs/.arduino15/libraries isSingleLibrary=false location=ide
time="2024-11-09T20:12:51-05:00" level=info msg="Adding libraries dir" dir=/home/jezs/.arduino15/packages/arduino/hardware/avr/1.8.6/libraries isSingleLibrary=false location=platform
2024-11-09 20:12:51 2024-11-10T01:12:51.075Z daemon INFO time="2024-11-09T20:12:51-05:00" level=info msg="Adding libraries dir" dir=/home/jezs/Arduino/libraries isSingleLibrary=false location=user
2024-11-09 20:12:51 2024-11-10T01:12:51.610Z root INFO Executing 'arduino.languageserver.notifyBuildDidComplete' with "file:///tmp/arduino/sketches/D895F2DB14F8C04E61D3E887817F12D5"
2024-11-09 20:12:51 2024-11-10T01:12:51.661Z daemon INFO time="2024-11-09T20:12:51-05:00" level=info msg="Tool required for debug" tool="arduino:arduinoOTA@1.3.0"
time="2024-11-09T20:12:51-05:00" level=info msg="Tool required for debug" tool="arduino:avr-gcc@7.3.0-atmel3.6.1-arduino7"
time="2024-11-09T20:12:51-05:00" level=info msg="Tool required for debug" tool="arduino:avrdude@6.3.0-arduino17"
2024-11-09 20:12:51 2024-11-10T01:12:51.661Z daemon INFO time="2024-11-09T20:12:51-05:00" level=info msg="Tool required for debug" tool="builtin:serial-monitor@0.14.1"
time="2024-11-09T20:12:51-05:00" level=info msg="Tool required for debug" tool="builtin:ctags@5.8-arduino11"
time="2024-11-09T20:12:51-05:00" level=info msg="Tool required for debug" tool="builtin:dfu-discovery@0.1.2"
time="2024-11-09T20:12:51-05:00" level=info msg="Tool required for debug" tool="builtin:mdns-discovery@1.0.9"
time="2024-11-09T20:12:51-05:00" level=info msg="Tool required for debug" tool="builtin:serial-discovery@1.4.1"
2024-11-09 20:12:51 2024-11-10T01:12:51.662Z root ERROR Failed to get debug config: arduino:avr:uno, undefined Error: Debugging is not supported.
    at Object.callback (/opt/arduino-ide/resources/app/lib/backend/main.js:2:82209)
    at Object.onReceiveStatus (/opt/arduino-ide/resources/app/lib/backend/main.js:2:937838)
    at Object.onReceiveStatus (/opt/arduino-ide/resources/app/lib/backend/main.js:2:933789)
    at Object.onReceiveStatus (/opt/arduino-ide/resources/app/lib/backend/main.js:2:933234)
    at /opt/arduino-ide/resources/app/lib/backend/main.js:2:1019356
    at process.processTicksAndRejections (node:internal/process/task_queues:77:11)
2024-11-09 20:12:51 2024-11-10T01:12:51.662Z root ERROR Request checkDebugEnabled failed with error: Debugging is not supported. Error: Debugging is not supported.
    at Object.callback (/opt/arduino-ide/resources/app/lib/backend/main.js:2:82209)
    at Object.onReceiveStatus (/opt/arduino-ide/resources/app/lib/backend/main.js:2:937838)
    at Object.onReceiveStatus (/opt/arduino-ide/resources/app/lib/backend/main.js:2:933789)
    at Object.onReceiveStatus (/opt/arduino-ide/resources/app/lib/backend/main.js:2:933234)
    at /opt/arduino-ide/resources/app/lib/backend/main.js:2:1019356
    at process.processTicksAndRejections (node:internal/process/task_queues:77:11)
2024-11-09 20:12:52 2024-11-10T01:12:52.637Z daemon INFO time="2024-11-09T20:12:52-05:00" level=info msg="Adding libraries dir" dir=/home/jezs/.arduino15/libraries isSingleLibrary=false location=ide
2024-11-09 20:12:52 2024-11-10T01:12:52.637Z daemon INFO time="2024-11-09T20:12:52-05:00" level=info msg="Adding libraries dir" dir=/home/jezs/.arduino15/packages/arduino/hardware/avr/1.8.6/libraries isSingleLibrary=false location=platform
time="2024-11-09T20:12:52-05:00" level=info msg="Adding libraries dir" dir=/home/jezs/Arduino/libraries isSingleLibrary=false location=user
2024-11-09 20:12:53 2024-11-10T01:12:53.842Z root INFO Received port after upload [arduino+serial:///dev/ttyUSB0, arduino:avr:uno, sketch_nov9a]. Before port: {"address":"/dev/ttyUSB0","addressLabel":"/dev/ttyUSB0","protocol":"serial","protocolLabel":"Serial Port (USB)","properties":{"pid":"0x7523","serialNumber":"","vid":"0x1a86"}}, after port: {"address":"/dev/ttyUSB0","addressLabel":"/dev/ttyUSB0","protocol":"serial","protocolLabel":"Serial Port (USB)","properties":{"pid":"0x7523","serialNumber":"","vid":"0x1a86"}}
2024-11-09 20:27:09 2024-11-10T01:27:09.216Z daemon INFO time="2024-11-09T20:27:09-05:00" level=info msg="Adding libraries dir" dir=/home/jezs/.arduino15/libraries isSingleLibrary=false location=ide
2024-11-09 20:27:09 2024-11-10T01:27:09.217Z daemon INFO time="2024-11-09T20:27:09-05:00" level=info msg="Adding libraries dir" dir=/home/jezs/.arduino15/packages/arduino/hardware/avr/1.8.6/libraries isSingleLibrary=false location=platform
time="2024-11-09T20:27:09-05:00" level=info msg="Adding libraries dir" dir=/home/jezs/Arduino/libraries isSingleLibrary=false location=user
2024-11-09 20:27:10 2024-11-10T01:27:10.449Z daemon INFO time="2024-11-09T20:27:10-05:00" level=info msg="Adding libraries dir" dir=/home/jezs/.arduino15/libraries isSingleLibrary=false location=ide
time="2024-11-09T20:27:10-05:00" level=info msg="Adding libraries dir" dir=/home/jezs/.arduino15/packages/arduino/hardware/avr/1.8.6/libraries isSingleLibrary=false location=platform
time="2024-11-09T20:27:10-05:00" level=info msg="Adding libraries dir" dir=/home/jezs/Arduino/libraries isSingleLibrary=false location=user
2024-11-09 20:27:12 2024-11-10T01:27:12.978Z daemon INFO time="2024-11-09T20:27:12-05:00" level=info msg="Adding libraries dir" dir=/home/jezs/.arduino15/libraries isSingleLibrary=false location=ide
time="2024-11-09T20:27:12-05:00" level=info msg="Adding libraries dir" dir=/home/jezs/.arduino15/packages/arduino/hardware/avr/1.8.6/libraries isSingleLibrary=false location=platform
time="2024-11-09T20:27:12-05:00" level=info msg="Adding libraries dir" dir=/home/jezs/Arduino/libraries isSingleLibrary=false location=user
2024-11-09 20:27:13 2024-11-10T01:27:13.011Z daemon INFO time="2024-11-09T20:27:13-05:00" level=info msg="Resolving include Servo.h for arch avr"
time="2024-11-09T20:27:13-05:00" level=info msg="  found better lib" lib=Servo prio=6AE
2024-11-09 20:27:13 2024-11-10T01:27:13.460Z root INFO Executing 'arduino.languageserver.notifyBuildDidComplete' with "file:///tmp/arduino/sketches/D895F2DB14F8C04E61D3E887817F12D5"
2024-11-09 20:27:13 2024-11-10T01:27:13.511Z daemon INFO time="2024-11-09T20:27:13-05:00" level=info msg="Tool required for debug" tool="arduino:arduinoOTA@1.3.0"
time="2024-11-09T20:27:13-05:00" level=info msg="Tool required for debug" tool="arduino:avr-gcc@7.3.0-atmel3.6.1-arduino7"
2024-11-09 20:27:13 2024-11-10T01:27:13.511Z daemon INFO time="2024-11-09T20:27:13-05:00" level=info msg="Tool required for debug" tool="arduino:avrdude@6.3.0-arduino17"
time="2024-11-09T20:27:13-05:00" level=info msg="Tool required for debug" tool="builtin:ctags@5.8-arduino11"
time="2024-11-09T20:27:13-05:00" level=info msg="Tool required for debug" tool="builtin:dfu-discovery@0.1.2"
time="2024-11-09T20:27:13-05:00" level=info msg="Tool required for debug" tool="builtin:mdns-discovery@1.0.9"
time="2024-11-09T20:27:13-05:00" level=info msg="Tool required for debug" tool="builtin:serial-discovery@1.4.1"
time="2024-11-09T20:27:13-05:00" level=info msg="Tool required for debug" tool="builtin:serial-monitor@0.14.1"
2024-11-09 20:27:13 2024-11-10T01:27:13.512Z root ERROR Failed to get debug config: arduino:avr:uno, undefined Error: Debugging is not supported.
    at Object.callback (/opt/arduino-ide/resources/app/lib/backend/main.js:2:82209)
    at Object.onReceiveStatus (/opt/arduino-ide/resources/app/lib/backend/main.js:2:937838)
    at Object.onReceiveStatus (/opt/arduino-ide/resources/app/lib/backend/main.js:2:933789)
    at Object.onReceiveStatus (/opt/arduino-ide/resources/app/lib/backend/main.js:2:933234)
    at /opt/arduino-ide/resources/app/lib/backend/main.js:2:1019356
    at process.processTicksAndRejections (node:internal/process/task_queues:77:11)
2024-11-09 20:27:13 2024-11-10T01:27:13.513Z root ERROR Request checkDebugEnabled failed with error: Debugging is not supported. Error: Debugging is not supported.
    at Object.callback (/opt/arduino-ide/resources/app/lib/backend/main.js:2:82209)
    at Object.onReceiveStatus (/opt/arduino-ide/resources/app/lib/backend/main.js:2:937838)
    at Object.onReceiveStatus (/opt/arduino-ide/resources/app/lib/backend/main.js:2:933789)
    at Object.onReceiveStatus (/opt/arduino-ide/resources/app/lib/backend/main.js:2:933234)
    at /opt/arduino-ide/resources/app/lib/backend/main.js:2:1019356
    at process.processTicksAndRejections (node:internal/process/task_queues:77:11)
2024-11-09 20:27:14 2024-11-10T01:27:14.490Z daemon INFO time="2024-11-09T20:27:14-05:00" level=info msg="Adding libraries dir" dir=/home/jezs/.arduino15/libraries isSingleLibrary=false location=ide
time="2024-11-09T20:27:14-05:00" level=info msg="Adding libraries dir" dir=/home/jezs/.arduino15/packages/arduino/hardware/avr/1.8.6/libraries isSingleLibrary=false location=platform
time="2024-11-09T20:27:14-05:00" level=info msg="Adding libraries dir" dir=/home/jezs/Arduino/libraries isSingleLibrary=false location=user
2024-11-09 20:27:16 2024-11-10T01:27:16.343Z root INFO Received port after upload [arduino+serial:///dev/ttyUSB0, arduino:avr:uno, sketch_nov9a]. Before port: {"address":"/dev/ttyUSB0","addressLabel":"/dev/ttyUSB0","protocol":"serial","protocolLabel":"Serial Port (USB)","properties":{"pid":"0x7523","serialNumber":"","vid":"0x1a86"}}, after port: {"address":"/dev/ttyUSB0","addressLabel":"/dev/ttyUSB0","protocol":"serial","protocolLabel":"Serial Port (USB)","properties":{"pid":"0x7523","serialNumber":"","vid":"0x1a86"}}
2024-11-09 20:27:46 2024-11-10T01:27:46.740Z daemon INFO time="2024-11-09T20:27:46-05:00" level=info msg="Adding libraries dir" dir=/home/jezs/.arduino15/libraries isSingleLibrary=false location=ide
2024-11-09 20:27:46 2024-11-10T01:27:46.740Z daemon INFO time="2024-11-09T20:27:46-05:00" level=info msg="Adding libraries dir" dir=/home/jezs/.arduino15/packages/arduino/hardware/avr/1.8.6/libraries isSingleLibrary=false location=platform
time="2024-11-09T20:27:46-05:00" level=info msg="Adding libraries dir" dir=/home/jezs/Arduino/libraries isSingleLibrary=false location=user
2024-11-09 20:27:47 2024-11-10T01:27:47.032Z daemon INFO time="2024-11-09T20:27:47-05:00" level=info msg="Adding libraries dir" dir=/home/jezs/.arduino15/libraries isSingleLibrary=false location=ide
time="2024-11-09T20:27:47-05:00" level=info msg="Adding libraries dir" dir=/home/jezs/.arduino15/packages/arduino/hardware/avr/1.8.6/libraries isSingleLibrary=false location=platform
time="2024-11-09T20:27:47-05:00" level=info msg="Adding libraries dir" dir=/home/jezs/Arduino/libraries isSingleLibrary=false location=user
2024-11-09 20:27:47 2024-11-10T01:27:47.067Z daemon INFO time="2024-11-09T20:27:47-05:00" level=info msg="Resolving include Servo.h for arch avr"
time="2024-11-09T20:27:47-05:00" level=info msg="  found better lib" lib=Servo prio=6AE
2024-11-09 20:27:47 2024-11-10T01:27:47.342Z root INFO Executing 'arduino.languageserver.notifyBuildDidComplete' with "file:///tmp/arduino/sketches/D895F2DB14F8C04E61D3E887817F12D5"
2024-11-09 20:27:47 2024-11-10T01:27:47.398Z daemon INFO time="2024-11-09T20:27:47-05:00" level=info msg="Tool required for debug" tool="arduino:arduinoOTA@1.3.0"
time="2024-11-09T20:27:47-05:00" level=info msg="Tool required for debug" tool="arduino:avr-gcc@7.3.0-atmel3.6.1-arduino7"
2024-11-09 20:27:47 2024-11-10T01:27:47.399Z daemon INFO time="2024-11-09T20:27:47-05:00" level=info msg="Tool required for debug" tool="arduino:avrdude@6.3.0-arduino17"
time="2024-11-09T20:27:47-05:00" level=info msg="Tool required for debug" tool="builtin:ctags@5.8-arduino11"
time="2024-11-09T20:27:47-05:00" level=info msg="Tool required for debug" tool="builtin:dfu-discovery@0.1.2"
time="2024-11-09T20:27:47-05:00" level=info msg="Tool required for debug" tool="builtin:mdns-discovery@1.0.9"
time="2024-11-09T20:27:47-05:00" level=info msg="Tool required for debug" tool="builtin:serial-discovery@1.4.1"
time="2024-11-09T20:27:47-05:00" level=info msg="Tool required for debug" tool="builtin:serial-monitor@0.14.1"
2024-11-09 20:27:47 2024-11-10T01:27:47.399Z root ERROR Failed to get debug config: arduino:avr:uno, undefined Error: Debugging is not supported.
    at Object.callback (/opt/arduino-ide/resources/app/lib/backend/main.js:2:82209)
    at Object.onReceiveStatus (/opt/arduino-ide/resources/app/lib/backend/main.js:2:937838)
    at Object.onReceiveStatus (/opt/arduino-ide/resources/app/lib/backend/main.js:2:933789)
    at Object.onReceiveStatus (/opt/arduino-ide/resources/app/lib/backend/main.js:2:933234)
    at /opt/arduino-ide/resources/app/lib/backend/main.js:2:1019356
    at process.processTicksAndRejections (node:internal/process/task_queues:77:11)
2024-11-09 20:27:47 2024-11-10T01:27:47.399Z root ERROR Request checkDebugEnabled failed with error: Debugging is not supported. Error: Debugging is not supported.
    at Object.callback (/opt/arduino-ide/resources/app/lib/backend/main.js:2:82209)
    at Object.onReceiveStatus (/opt/arduino-ide/resources/app/lib/backend/main.js:2:937838)
    at Object.onReceiveStatus (/opt/arduino-ide/resources/app/lib/backend/main.js:2:933789)
    at Object.onReceiveStatus (/opt/arduino-ide/resources/app/lib/backend/main.js:2:933234)
    at /opt/arduino-ide/resources/app/lib/backend/main.js:2:1019356
    at process.processTicksAndRejections (node:internal/process/task_queues:77:11)
2024-11-09 20:27:48 2024-11-10T01:27:48.369Z daemon INFO time="2024-11-09T20:27:48-05:00" level=info msg="Adding libraries dir" dir=/home/jezs/.arduino15/libraries isSingleLibrary=false location=ide
time="2024-11-09T20:27:48-05:00" level=info msg="Adding libraries dir" dir=/home/jezs/.arduino15/packages/arduino/hardware/avr/1.8.6/libraries isSingleLibrary=false location=platform
time="2024-11-09T20:27:48-05:00" level=info msg="Adding libraries dir" dir=/home/jezs/Arduino/libraries isSingleLibrary=false location=user
2024-11-09 20:27:50 2024-11-10T01:27:50.227Z root INFO Received port after upload [arduino+serial:///dev/ttyUSB0, arduino:avr:uno, sketch_nov9a]. Before port: {"address":"/dev/ttyUSB0","addressLabel":"/dev/ttyUSB0","protocol":"serial","protocolLabel":"Serial Port (USB)","properties":{"pid":"0x7523","serialNumber":"","vid":"0x1a86"}}, after port: {"address":"/dev/ttyUSB0","addressLabel":"/dev/ttyUSB0","protocol":"serial","protocolLabel":"Serial Port (USB)","properties":{"pid":"0x7523","serialNumber":"","vid":"0x1a86"}}
2024-11-09 20:29:36 Arduino IDE 2.3.3
2024-11-09 20:29:36 Checking for frontend application configuration customizations. Module path: /opt/arduino-ide/resources/app/lib/backend/electron-main.js, destination 'package.json': /opt/arduino-ide/resources/app/package.json
2024-11-09 20:29:36 Setting 'theia.frontend.config.appVersion' application configuration value to: "2.3.3" (type of string)
2024-11-09 20:29:36 Setting 'theia.frontend.config.cliVersion' application configuration value to: "1.0.4" (type of string)
2024-11-09 20:29:36 Setting 'theia.frontend.config.buildDate' application configuration value to: "2024-09-25T09:35:36.309Z" (type of string)
2024-11-09 20:29:36 Frontend application configuration after modifications: {"applicationName":"Arduino IDE","defaultTheme":{"light":"arduino-theme","dark":"arduino-theme-dark"},"defaultIconTheme":"none","electron":{"windowOptions":{}},"defaultLocale":"","validatePreferencesSchema":false,"preferences":{"window.title":"${rootName}${activeEditorShort}${appName}","files.autoSave":"afterDelay","editor.minimap.enabled":false,"editor.tabSize":2,"editor.scrollBeyondLastLine":false,"editor.quickSuggestions":{"other":false,"comments":false,"strings":false},"editor.maxTokenizationLineLength":500,"editor.bracketPairColorization.enabled":false,"breadcrumbs.enabled":false,"workbench.tree.renderIndentGuides":"none","explorer.compactFolders":false},"appVersion":"2.3.3","cliVersion":"1.0.4","buildDate":"2024-09-25T09:35:36.309Z"}
2024-11-09 20:29:36 Starting backend process. PID: 39161
2024-11-09 20:29:37 Using browser-only version of superagent in non-browser environment
2024-11-09 20:29:37 Configuration directory URI: 'file:///home/jezs/.arduinoIDE'
2024-11-09 20:29:37 Configuring to accept webviews on '^.+\.webview\..+$' hostname.
2024-11-09 20:29:37 2024-11-10T01:29:37.377Z root INFO Backend Object.initialize: 8.4 ms [Finished 0.557 s after backend start]
2024-11-09 20:29:37 2024-11-10T01:29:37.377Z root INFO Backend Object.configure: 7.5 ms [Finished 0.557 s after backend start]
2024-11-09 20:29:37 2024-11-10T01:29:37.377Z root INFO Backend a.onStart: 2.4 ms [Finished 0.557 s after backend start]
2024-11-09 20:29:37 2024-11-10T01:29:37.378Z root INFO Backend a.configure: 0.5 ms [Finished 0.583 s after backend start]
2024-11-09 20:29:37 2024-11-10T01:29:37.378Z root INFO Backend d.onStart: 0.3 ms [Finished 0.583 s after backend start]
2024-11-09 20:29:37 2024-11-10T01:29:37.379Z root INFO Backend d.configure: 0.1 ms [Finished 0.583 s after backend start]
2024-11-09 20:29:37 2024-11-10T01:29:37.380Z root INFO Backend d.initialize: 25.6 ms [Finished 0.583 s after backend start]
2024-11-09 20:29:37 2024-11-10T01:29:37.380Z root INFO Backend c.onStart: 0.4 ms [Finished 0.583 s after backend start]
2024-11-09 20:29:37 2024-11-10T01:29:37.381Z root INFO Backend s.configure: 0.6 ms [Finished 0.584 s after backend start]
2024-11-09 20:29:37 2024-11-10T01:29:37.382Z config INFO >>> Initializing CLI configuration...
2024-11-09 20:29:37 2024-11-10T01:29:37.382Z root INFO Backend c.initialize: 0.6 ms [Finished 0.584 s after backend start]
2024-11-09 20:29:37 2024-11-10T01:29:37.382Z root INFO Backend x.onStart: 0.8 ms [Finished 0.585 s after backend start]
2024-11-09 20:29:37 2024-11-10T01:29:37.383Z config INFO Loading CLI configuration from /home/jezs/.arduinoIDE/arduino-cli.yaml...
2024-11-09 20:29:37 2024-11-10T01:29:37.384Z daemon INFO Starting daemon from /opt/arduino-ide/resources/app/lib/backend/resources/arduino-cli...
2024-11-09 20:29:37 2024-11-10T01:29:37.384Z root INFO Backend s.initialize: 0.5 ms [Finished 0.586 s after backend start]
2024-11-09 20:29:37 2024-11-10T01:29:37.384Z root INFO Backend w.onStart: 1.2 ms [Finished 0.587 s after backend start]
2024-11-09 20:29:37 2024-11-10T01:29:37.384Z root INFO Backend r.configure: 1.9 ms [Finished 0.587 s after backend start]
2024-11-09 20:29:37 2024-11-10T01:29:37.384Z discovery-log INFO start
2024-11-09 20:29:37 2024-11-10T01:29:37.384Z discovery-log INFO start new deferred
2024-11-09 20:29:37 2024-11-10T01:29:37.384Z root INFO Backend d.initialize: 0.4 ms [Finished 0.587 s after backend start]
2024-11-09 20:29:37 2024-11-10T01:29:37.384Z root INFO Backend y.onStart: 1.9 ms [Finished 0.589 s after backend start]
2024-11-09 20:29:37 2024-11-10T01:29:37.384Z root INFO Backend r.configure: 1.6 ms [Finished 0.589 s after backend start]
2024-11-09 20:29:37 2024-11-10T01:29:37.384Z root INFO Backend s.onStart: 0.5 ms [Finished 0.590 s after backend start]
2024-11-09 20:29:37 2024-11-10T01:29:37.384Z root INFO Backend h.configure: 0.4 ms [Finished 0.590 s after backend start]
2024-11-09 20:29:37 2024-11-10T01:29:37.384Z root INFO Backend a.configure: 0.1 ms [Finished 0.591 s after backend start]
2024-11-09 20:29:37 2024-11-10T01:29:37.384Z root INFO Backend l.configure: 0.1 ms [Finished 0.591 s after backend start]
2024-11-09 20:29:37 2024-11-10T01:29:37.386Z root INFO Theia app listening on http://127.0.0.1:39971.
2024-11-09 20:29:37 2024-11-10T01:29:37.386Z root INFO Finished starting backend application: 2.2 ms [Finished 0.593 s after backend start]
2024-11-09 20:29:37 2024-11-10T01:29:37.387Z root WARN The local plugin referenced by local-dir:/home/jezs/.arduinoIDE/plugins does not exist.
2024-11-09 20:29:37 2024-11-10T01:29:37.387Z root WARN The local plugin referenced by local-dir:/home/jezs/.arduinoIDE/extensions does not exist.
2024-11-09 20:29:37 2024-11-10T01:29:37.404Z config INFO Loaded CLI configuration: {"board_manager":{"additional_urls":[]}}
2024-11-09 20:29:37 2024-11-10T01:29:37.404Z config INFO Loading fallback CLI configuration to get 'directories.data' and 'directories.user'
2024-11-09 20:29:37 2024-11-10T01:29:37.425Z daemon INFO time="2024-11-09T20:29:37-05:00" level=info msg="arduino-cli version 1.0.4"
time="2024-11-09T20:29:37-05:00" level=info msg="Using config file: /home/jezs/.arduinoIDE/arduino-cli.yaml"
time="2024-11-09T20:29:37-05:00" level=info msg="Executing `arduino-cli daemon`"
2024-11-09 20:29:37 2024-11-10T01:29:37.435Z daemon INFO Daemon is now listening on 127.0.0.1:42467
{"IP":"127.0.0.1","Port":"42467"}
2024-11-09 20:29:37 2024-11-10T01:29:37.435Z daemon INFO Daemon is running.
2024-11-09 20:29:37 2024-11-10T01:29:37.435Z config ERROR Failed to initialize the CLI configuration. SyntaxError: Unexpected end of JSON input
    at JSON.parse (<anonymous>)
    at x.getFallbackCliConfig (/opt/arduino-ide/resources/app/lib/backend/main.js:2:763012)
    at process.processTicksAndRejections (node:internal/process/task_queues:95:5)
    at async x.loadCliConfig (/opt/arduino-ide/resources/app/lib/backend/main.js:2:762457)
    at async x.initConfig (/opt/arduino-ide/resources/app/lib/backend/main.js:2:760906)
2024-11-09 20:29:37 2024-11-10T01:29:37.468Z root INFO Resolve plugins list: 84.9 ms [Finished 0.674 s after backend start]
2024-11-09 20:29:37 2024-11-10T01:29:37.468Z daemon INFO time="2024-11-09T20:29:37-05:00" level=info msg="Checking signature" index=/home/jezs/.arduino15/package_index.json signatureFile=/home/jezs/.arduino15/package_index.json.sig trusted=true
2024-11-09 20:29:37 2024-11-10T01:29:37.469Z daemon INFO time="2024-11-09T20:29:37-05:00" level=info msg="Loading hardware from: /home/jezs/.arduino15/packages"
time="2024-11-09T20:29:37-05:00" level=info msg="Loading package arduino from: /home/jezs/.arduino15/packages/arduino/hardware"
2024-11-09 20:29:37 2024-11-10T01:29:37.474Z daemon INFO time="2024-11-09T20:29:37-05:00" level=info msg="Missing signature file" index=/home/jezs/.arduino15/packages/arduino/hardware/avr/1.8.6/installed.json
2024-11-09 20:29:37 2024-11-10T01:29:37.474Z daemon INFO time="2024-11-09T20:29:37-05:00" level=info msg="Adding monitor tool" protocol=serial tool="builtin:serial-monitor"
time="2024-11-09T20:29:37-05:00" level=info msg="Loaded platform" platform="arduino:avr@1.8.6"
time="2024-11-09T20:29:37-05:00" level=info msg="Checking existence of 'tools' path: /home/jezs/.arduino15/packages/arduino/tools"
time="2024-11-09T20:29:37-05:00" level=info msg="Loading tools from dir: /home/jezs/.arduino15/packages/arduino/tools"
2024-11-09 20:29:37 2024-11-10T01:29:37.478Z daemon INFO time="2024-11-09T20:29:37-05:00" level=info msg="Loaded tool" tool="arduino:arduinoOTA@1.3.0"
time="2024-11-09T20:29:37-05:00" level=info msg="Loaded tool" tool="arduino:avr-gcc@7.3.0-atmel3.6.1-arduino7"
time="2024-11-09T20:29:37-05:00" level=info msg="Loaded tool" tool="arduino:avrdude@6.3.0-arduino17"
2024-11-09 20:29:37 2024-11-10T01:29:37.478Z daemon INFO time="2024-11-09T20:29:37-05:00" level=info msg="Loading package builtin from: /home/jezs/.arduino15/packages/builtin"
time="2024-11-09T20:29:37-05:00" level=info msg="Checking existence of 'tools' path: /home/jezs/.arduino15/packages/builtin/tools"
time="2024-11-09T20:29:37-05:00" level=info msg="Loading tools from dir: /home/jezs/.arduino15/packages/builtin/tools"
time="2024-11-09T20:29:37-05:00" level=info msg="Loaded tool" tool="builtin:ctags@5.8-arduino11"
time="2024-11-09T20:29:37-05:00" level=info msg="Loaded tool" tool="builtin:dfu-discovery@0.1.2"
2024-11-09 20:29:37 2024-11-10T01:29:37.478Z daemon INFO time="2024-11-09T20:29:37-05:00" level=info msg="Loaded tool" tool="builtin:mdns-discovery@1.0.9"
2024-11-09 20:29:37 2024-11-10T01:29:37.479Z daemon INFO time="2024-11-09T20:29:37-05:00" level=info msg="Loaded tool" tool="builtin:serial-discovery@1.4.1"
time="2024-11-09T20:29:37-05:00" level=info msg="Loaded tool" tool="builtin:serial-monitor@0.14.1"
2024-11-09 20:29:37 2024-11-10T01:29:37.482Z daemon INFO time="2024-11-09T20:29:37-05:00" level=info msg="Adding libraries dir" dir=/home/jezs/.arduino15/packages/arduino/hardware/avr/1.8.6/libraries isSingleLibrary=false location=platform
time="2024-11-09T20:29:37-05:00" level=info msg="Loading libraries index file" index=/home/jezs/.arduino15/library_index.json
2024-11-09 20:29:37 2024-11-10T01:29:37.817Z daemon INFO time="2024-11-09T20:29:37-05:00" level=info msg="Adding libraries dir" dir=/home/jezs/.arduino15/libraries isSingleLibrary=false location=ide
time="2024-11-09T20:29:37-05:00" level=info msg="Adding libraries dir" dir=/home/jezs/Arduino/libraries isSingleLibrary=false location=user
2024-11-09 20:29:38 2024-11-10T01:29:38.551Z root INFO Deploy plugins list: 84.9 ms [Finished 1.758 s after backend start]
2024-11-09 20:29:39 Opening channel for service path '/services/electron-window'.
2024-11-09 20:29:39 Opening channel for service path '/services/ide-updater'.
2024-11-09 20:29:39 2024-11-10T01:29:39.507Z root WARN Frontend a.configure took longer than the expected maximum 100 milliseconds: 298.8 ms [Finished 1.993 s after frontend start]
2024-11-09 20:29:39 2024-11-10T01:29:39.518Z root WARN A command editor.action.toggleStickyScroll is already registered.
2024-11-09 20:30:04 Closing channel on service path '/services/electron-window'.
2024-11-09 20:30:04 Closing channel on service path '/services/ide-updater'.
2024-11-09 20:30:04 Stored workspaces roots: 
2024-11-09 20:30:04 No sketches were scheduled for deletion.
2024-11-09 20:32:00 Arduino IDE 2.3.3
2024-11-09 20:32:00 Checking for frontend application configuration customizations. Module path: /opt/arduino-ide/resources/app/lib/backend/electron-main.js, destination 'package.json': /opt/arduino-ide/resources/app/package.json
2024-11-09 20:32:00 Setting 'theia.frontend.config.appVersion' application configuration value to: "2.3.3" (type of string)
2024-11-09 20:32:00 Setting 'theia.frontend.config.cliVersion' application configuration value to: "1.0.4" (type of string)
2024-11-09 20:32:00 Setting 'theia.frontend.config.buildDate' application configuration value to: "2024-09-25T09:35:36.309Z" (type of string)
2024-11-09 20:32:00 Frontend application configuration after modifications: {"applicationName":"Arduino IDE","defaultTheme":{"light":"arduino-theme","dark":"arduino-theme-dark"},"defaultIconTheme":"none","electron":{"windowOptions":{}},"defaultLocale":"","validatePreferencesSchema":false,"preferences":{"window.title":"${rootName}${activeEditorShort}${appName}","files.autoSave":"afterDelay","editor.minimap.enabled":false,"editor.tabSize":2,"editor.scrollBeyondLastLine":false,"editor.quickSuggestions":{"other":false,"comments":false,"strings":false},"editor.maxTokenizationLineLength":500,"editor.bracketPairColorization.enabled":false,"breadcrumbs.enabled":false,"workbench.tree.renderIndentGuides":"none","explorer.compactFolders":false},"appVersion":"2.3.3","cliVersion":"1.0.4","buildDate":"2024-09-25T09:35:36.309Z"}
2024-11-09 20:32:00 Starting backend process. PID: 40249
2024-11-09 20:32:01 Using browser-only version of superagent in non-browser environment
2024-11-09 20:32:01 Configuration directory URI: 'file:///home/jezs/.arduinoIDE'
2024-11-09 20:32:01 Configuring to accept webviews on '^.+\.webview\..+$' hostname.
2024-11-09 20:32:01 2024-11-10T01:32:01.553Z root INFO Backend Object.initialize: 5.5 ms [Finished 0.635 s after backend start]
2024-11-09 20:32:01 2024-11-10T01:32:01.554Z root INFO Backend Object.configure: 4.4 ms [Finished 0.635 s after backend start]
2024-11-09 20:32:01 2024-11-10T01:32:01.554Z root INFO Backend a.onStart: 2.6 ms [Finished 0.635 s after backend start]
2024-11-09 20:32:01 2024-11-10T01:32:01.555Z root INFO Backend a.configure: 0.5 ms [Finished 0.667 s after backend start]
2024-11-09 20:32:01 2024-11-10T01:32:01.556Z root INFO Backend d.onStart: 0.3 ms [Finished 0.667 s after backend start]
2024-11-09 20:32:01 2024-11-10T01:32:01.557Z root INFO Backend d.configure: 0.1 ms [Finished 0.667 s after backend start]
2024-11-09 20:32:01 2024-11-10T01:32:01.558Z root INFO Backend d.initialize: 31.6 ms [Finished 0.668 s after backend start]
2024-11-09 20:32:01 2024-11-10T01:32:01.558Z root INFO Backend c.onStart: 0.4 ms [Finished 0.668 s after backend start]
2024-11-09 20:32:01 2024-11-10T01:32:01.559Z root INFO Backend s.configure: 1.8 ms [Finished 0.670 s after backend start]
2024-11-09 20:32:01 2024-11-10T01:32:01.561Z config INFO >>> Initializing CLI configuration...
2024-11-09 20:32:01 2024-11-10T01:32:01.561Z root INFO Backend c.initialize: 0.7 ms [Finished 0.670 s after backend start]
2024-11-09 20:32:01 2024-11-10T01:32:01.561Z root INFO Backend x.onStart: 1.1 ms [Finished 0.671 s after backend start]
2024-11-09 20:32:01 2024-11-10T01:32:01.562Z config INFO Loading CLI configuration from /home/jezs/.arduinoIDE/arduino-cli.yaml...
2024-11-09 20:32:01 2024-11-10T01:32:01.563Z daemon INFO Starting daemon from /opt/arduino-ide/resources/app/lib/backend/resources/arduino-cli...
2024-11-09 20:32:01 2024-11-10T01:32:01.563Z root INFO Backend s.initialize: 0.6 ms [Finished 0.672 s after backend start]
2024-11-09 20:32:01 2024-11-10T01:32:01.563Z root INFO Backend w.onStart: 1.3 ms [Finished 0.673 s after backend start]
2024-11-09 20:32:01 2024-11-10T01:32:01.563Z root INFO Backend r.configure: 2.2 ms [Finished 0.673 s after backend start]
2024-11-09 20:32:01 2024-11-10T01:32:01.563Z discovery-log INFO start
2024-11-09 20:32:01 2024-11-10T01:32:01.563Z discovery-log INFO start new deferred
2024-11-09 20:32:01 2024-11-10T01:32:01.563Z root INFO Backend d.initialize: 0.6 ms [Finished 0.674 s after backend start]
2024-11-09 20:32:01 2024-11-10T01:32:01.563Z root INFO Backend y.onStart: 2.3 ms [Finished 0.676 s after backend start]
2024-11-09 20:32:01 2024-11-10T01:32:01.563Z root INFO Backend r.configure: 1.9 ms [Finished 0.676 s after backend start]
2024-11-09 20:32:01 2024-11-10T01:32:01.563Z root INFO Backend s.onStart: 0.6 ms [Finished 0.677 s after backend start]
2024-11-09 20:32:01 2024-11-10T01:32:01.563Z root INFO Backend h.configure: 0.5 ms [Finished 0.677 s after backend start]
2024-11-09 20:32:01 2024-11-10T01:32:01.563Z root INFO Backend a.configure: 0.2 ms [Finished 0.678 s after backend start]
2024-11-09 20:32:01 2024-11-10T01:32:01.563Z root INFO Backend l.configure: 0.1 ms [Finished 0.678 s after backend start]
2024-11-09 20:32:01 2024-11-10T01:32:01.565Z root INFO Theia app listening on http://127.0.0.1:43651.
2024-11-09 20:32:01 2024-11-10T01:32:01.566Z root INFO Finished starting backend application: 2.7 ms [Finished 0.680 s after backend start]
2024-11-09 20:32:01 2024-11-10T01:32:01.567Z root WARN The local plugin referenced by local-dir:/home/jezs/.arduinoIDE/plugins does not exist.
2024-11-09 20:32:01 2024-11-10T01:32:01.567Z root WARN The local plugin referenced by local-dir:/home/jezs/.arduinoIDE/extensions does not exist.
2024-11-09 20:32:01 2024-11-10T01:32:01.599Z config INFO Loaded CLI configuration: {"board_manager":{"additional_urls":[]}}
2024-11-09 20:32:01 2024-11-10T01:32:01.599Z config INFO Loading fallback CLI configuration to get 'directories.data' and 'directories.user'
2024-11-09 20:32:01 2024-11-10T01:32:01.618Z config ERROR Failed to initialize the CLI configuration. SyntaxError: Unexpected end of JSON input
    at JSON.parse (<anonymous>)
    at x.getFallbackCliConfig (/opt/arduino-ide/resources/app/lib/backend/main.js:2:763042)
    at process.processTicksAndRejections (node:internal/process/task_queues:95:5)
    at async x.loadCliConfig (/opt/arduino-ide/resources/app/lib/backend/main.js:2:762457)
    at async x.initConfig (/opt/arduino-ide/resources/app/lib/backend/main.js:2:760906)
2024-11-09 20:32:01 2024-11-10T01:32:01.627Z daemon INFO time="2024-11-09T20:32:01-05:00" level=info msg="arduino-cli version 1.0.4"
time="2024-11-09T20:32:01-05:00" level=info msg="Using config file: /home/jezs/.arduinoIDE/arduino-cli.yaml"
time="2024-11-09T20:32:01-05:00" level=info msg="Executing `arduino-cli daemon`"
Daemon is now listening on 127.0.0.1:33843
{"IP":"127.0.0.1","Port":"33843"}
2024-11-09 20:32:01 2024-11-10T01:32:01.627Z daemon INFO Daemon is running.
2024-11-09 20:32:01 2024-11-10T01:32:01.679Z root INFO Resolve plugins list: 117.0 ms [Finished 0.793 s after backend start]
2024-11-09 20:32:01 2024-11-10T01:32:01.679Z daemon INFO time="2024-11-09T20:32:01-05:00" level=info msg="Checking signature" index=/home/jezs/.arduino15/package_index.json signatureFile=/home/jezs/.arduino15/package_index.json.sig trusted=true
time="2024-11-09T20:32:01-05:00" level=info msg="Loading hardware from: /home/jezs/.arduino15/packages"
2024-11-09 20:32:01 2024-11-10T01:32:01.680Z daemon INFO time="2024-11-09T20:32:01-05:00" level=info msg="Loading package arduino from: /home/jezs/.arduino15/packages/arduino/hardware"
2024-11-09 20:32:01 2024-11-10T01:32:01.687Z daemon INFO time="2024-11-09T20:32:01-05:00" level=info msg="Missing signature file" index=/home/jezs/.arduino15/packages/arduino/hardware/avr/1.8.6/installed.json
2024-11-09 20:32:01 2024-11-10T01:32:01.697Z daemon INFO time="2024-11-09T20:32:01-05:00" level=info msg="Adding monitor tool" protocol=serial tool="builtin:serial-monitor"
time="2024-11-09T20:32:01-05:00" level=info msg="Loaded platform" platform="arduino:avr@1.8.6"
time="2024-11-09T20:32:01-05:00" level=info msg="Checking existence of 'tools' path: /home/jezs/.arduino15/packages/arduino/tools"
time="2024-11-09T20:32:01-05:00" level=info msg="Loading tools from dir: /home/jezs/.arduino15/packages/arduino/tools"
time="2024-11-09T20:32:01-05:00" level=info msg="Loaded tool" tool="arduino:arduinoOTA@1.3.0"
time="2024-11-09T20:32:01-05:00" level=info msg="Loaded tool" tool="arduino:avr-gcc@7.3.0-atmel3.6.1-arduino7"
time="2024-11-09T20:32:01-05:00" level=info msg="Loaded tool" tool="arduino:avrdude@6.3.0-arduino17"
time="2024-11-09T20:32:01-05:00" level=info msg="Loading package builtin from: /home/jezs/.arduino15/packages/builtin"
time="2024-11-09T20:32:01-05:00" level=info msg="Checking existence of 'tools' path: /home/jezs/.arduino15/packages/builtin/tools"
time="2024-11-09T20:32:01-05:00" level=info msg="Loading tools from dir: /home/jezs/.arduino15/packages/builtin/tools"
time="2024-11-09T20:32:01-05:00" level=info msg="Loaded tool" tool="builtin:ctags@5.8-arduino11"
time="2024-11-09T20:32:01-05:00" level=info msg="Loaded tool" tool="builtin:dfu-discovery@0.1.2"
time="2024-11-09T20:32:01-05:00" level=info msg="Loaded tool" tool="builtin:mdns-discovery@1.0.9"
time="2024-11-09T20:32:01-05:00" level=info msg="Loaded tool" tool="builtin:serial-discovery@1.4.1"
time="2024-11-09T20:32:01-05:00" level=info msg="Loaded tool" tool="builtin:serial-monitor@0.14.1"
2024-11-09 20:32:01 2024-11-10T01:32:01.697Z daemon INFO time="2024-11-09T20:32:01-05:00" level=info msg="Adding libraries dir" dir=/home/jezs/.arduino15/packages/arduino/hardware/avr/1.8.6/libraries isSingleLibrary=false location=platform
time="2024-11-09T20:32:01-05:00" level=info msg="Loading libraries index file" index=/home/jezs/.arduino15/library_index.json
2024-11-09 20:32:02 2024-11-10T01:32:02.143Z daemon INFO time="2024-11-09T20:32:02-05:00" level=info msg="Adding libraries dir" dir=/home/jezs/.arduino15/libraries isSingleLibrary=false location=ide
time="2024-11-09T20:32:02-05:00" level=info msg="Adding libraries dir" dir=/home/jezs/Arduino/libraries isSingleLibrary=false location=user
2024-11-09 20:32:02 2024-11-10T01:32:02.986Z root INFO Deploy plugins list: 117.0 ms [Finished 2.101 s after backend start]
2024-11-09 20:32:03 Opening channel for service path '/services/electron-window'.
2024-11-09 20:32:03 Opening channel for service path '/services/ide-updater'.
2024-11-09 20:32:04 2024-11-10T01:32:04.284Z root WARN Frontend a.configure took longer than the expected maximum 100 milliseconds: 342.6 ms [Finished 2.479 s after frontend start]
2024-11-09 20:32:04 2024-11-10T01:32:04.293Z root WARN A command editor.action.toggleStickyScroll is already registered.
