2024-11-26 08:36:04 Arduino IDE 2.3.3
2024-11-26 08:36:04 Checking for frontend application configuration customizations. Module path: /opt/arduino-ide/resources/app/lib/backend/electron-main.js, destination 'package.json': /opt/arduino-ide/resources/app/package.json
2024-11-26 08:36:04 Setting 'theia.frontend.config.appVersion' application configuration value to: "2.3.3" (type of string)
2024-11-26 08:36:04 Setting 'theia.frontend.config.cliVersion' application configuration value to: "1.0.4" (type of string)
2024-11-26 08:36:04 Setting 'theia.frontend.config.buildDate' application configuration value to: "2024-09-25T09:35:36.309Z" (type of string)
2024-11-26 08:36:04 Frontend application configuration after modifications: {"applicationName":"Arduino IDE","defaultTheme":{"light":"arduino-theme","dark":"arduino-theme-dark"},"defaultIconTheme":"none","electron":{"windowOptions":{}},"defaultLocale":"","validatePreferencesSchema":false,"preferences":{"window.title":"${rootName}${activeEditorShort}${appName}","files.autoSave":"afterDelay","editor.minimap.enabled":false,"editor.tabSize":2,"editor.scrollBeyondLastLine":false,"editor.quickSuggestions":{"other":false,"comments":false,"strings":false},"editor.maxTokenizationLineLength":500,"editor.bracketPairColorization.enabled":false,"breadcrumbs.enabled":false,"workbench.tree.renderIndentGuides":"none","explorer.compactFolders":false},"appVersion":"2.3.3","cliVersion":"1.0.4","buildDate":"2024-09-25T09:35:36.309Z"}
2024-11-26 08:36:04 Starting backend process. PID: 3972
2024-11-26 08:36:06 Using browser-only version of superagent in non-browser environment
2024-11-26 08:36:06 Configuration directory URI: 'file:///home/jezs/.arduinoIDE'
2024-11-26 08:36:06 Configuring to accept webviews on '^.+\.webview\..+$' hostname.
2024-11-26 08:36:06 2024-11-26T13:36:06.884Z root INFO Backend Object.initialize: 14.5 ms [Finished 1.718 s after backend start]
2024-11-26 08:36:06 2024-11-26T13:36:06.888Z root INFO Backend Object.configure: 11.2 ms [Finished 1.718 s after backend start]
2024-11-26 08:36:06 2024-11-26T13:36:06.888Z root INFO Backend a.onStart: 7.2 ms [Finished 1.718 s after backend start]
2024-11-26 08:36:06 2024-11-26T13:36:06.891Z root INFO Backend a.configure: 1.7 ms [Finished 1.778 s after backend start]
2024-11-26 08:36:06 2024-11-26T13:36:06.892Z root INFO Backend d.onStart: 0.4 ms [Finished 1.778 s after backend start]
2024-11-26 08:36:06 2024-11-26T13:36:06.898Z root INFO Backend d.configure: 0.2 ms [Finished 1.780 s after backend start]
2024-11-26 08:36:06 2024-11-26T13:36:06.901Z root WARN Backend d.initialize took longer than the expected maximum 50 milliseconds: 62.3 ms [Finished 1.781 s after backend start]
2024-11-26 08:36:06 2024-11-26T13:36:06.902Z root INFO Backend c.onStart: 0.7 ms [Finished 1.781 s after backend start]
2024-11-26 08:36:06 2024-11-26T13:36:06.904Z root INFO Backend s.configure: 6.9 ms [Finished 1.788 s after backend start]
2024-11-26 08:36:06 2024-11-26T13:36:06.908Z config INFO >>> Initializing CLI configuration...
2024-11-26 08:36:06 2024-11-26T13:36:06.911Z root INFO Backend c.initialize: 0.9 ms [Finished 1.788 s after backend start]
2024-11-26 08:36:06 2024-11-26T13:36:06.912Z root INFO Backend x.onStart: 1.0 ms [Finished 1.789 s after backend start]
2024-11-26 08:36:06 2024-11-26T13:36:06.914Z config INFO Loading CLI configuration from /home/jezs/.arduinoIDE/arduino-cli.yaml...
2024-11-26 08:36:06 2024-11-26T13:36:06.916Z daemon INFO Starting daemon from /opt/arduino-ide/resources/app/lib/backend/resources/arduino-cli...
2024-11-26 08:36:06 2024-11-26T13:36:06.917Z root INFO Backend s.initialize: 5.4 ms [Finished 1.795 s after backend start]
2024-11-26 08:36:06 2024-11-26T13:36:06.917Z root INFO Backend w.onStart: 8.4 ms [Finished 1.798 s after backend start]
2024-11-26 08:36:06 2024-11-26T13:36:06.917Z root INFO Backend r.configure: 10.7 ms [Finished 1.800 s after backend start]
2024-11-26 08:36:06 2024-11-26T13:36:06.918Z discovery-log INFO start
2024-11-26 08:36:06 2024-11-26T13:36:06.918Z discovery-log INFO start new deferred
2024-11-26 08:36:06 2024-11-26T13:36:06.918Z root INFO Backend d.initialize: 0.7 ms [Finished 1.802 s after backend start]
2024-11-26 08:36:06 2024-11-26T13:36:06.918Z root INFO Backend y.onStart: 7.1 ms [Finished 1.808 s after backend start]
2024-11-26 08:36:06 2024-11-26T13:36:06.918Z root INFO Backend r.configure: 6.2 ms [Finished 1.810 s after backend start]
2024-11-26 08:36:06 2024-11-26T13:36:06.919Z root INFO Backend s.onStart: 1.3 ms [Finished 1.815 s after backend start]
2024-11-26 08:36:06 2024-11-26T13:36:06.919Z root INFO Backend h.configure: 1.1 ms [Finished 1.815 s after backend start]
2024-11-26 08:36:06 2024-11-26T13:36:06.919Z root INFO Backend a.configure: 0.8 ms [Finished 1.816 s after backend start]
2024-11-26 08:36:06 2024-11-26T13:36:06.919Z root INFO Backend l.configure: 0.2 ms [Finished 1.816 s after backend start]
2024-11-26 08:36:06 2024-11-26T13:36:06.925Z root INFO Theia app listening on http://127.0.0.1:41023.
2024-11-26 08:36:06 2024-11-26T13:36:06.925Z root INFO Finished starting backend application: 7.6 ms [Finished 1.822 s after backend start]
2024-11-26 08:36:06 2024-11-26T13:36:06.931Z root WARN The local plugin referenced by local-dir:/home/jezs/.arduinoIDE/plugins does not exist.
2024-11-26 08:36:06 2024-11-26T13:36:06.931Z root WARN The local plugin referenced by local-dir:/home/jezs/.arduinoIDE/extensions does not exist.
2024-11-26 08:36:07 2024-11-26T13:36:07.038Z config INFO Loaded CLI configuration: {"board_manager":{"additional_urls":[]}}
2024-11-26 08:36:07 2024-11-26T13:36:07.038Z config INFO Loading fallback CLI configuration to get 'directories.data' and 'directories.user'
2024-11-26 08:36:07 2024-11-26T13:36:07.143Z daemon INFO time="2024-11-26T08:36:07-05:00" level=info msg="arduino-cli version 1.0.4"
time="2024-11-26T08:36:07-05:00" level=info msg="Using config file: /home/jezs/.arduinoIDE/arduino-cli.yaml"
time="2024-11-26T08:36:07-05:00" level=info msg="Executing `arduino-cli daemon`"
Daemon is now listening on 127.0.0.1:42567
{"IP":"127.0.0.1","Port":"42567"}
2024-11-26 08:36:07 2024-11-26T13:36:07.143Z daemon INFO Daemon is running.
2024-11-26 08:36:07 2024-11-26T13:36:07.153Z config INFO Loaded fallback CLI configuration: {"directories":{"user":"/home/jezs/Arduino","data":"/home/jezs/.arduino15"}}
2024-11-26 08:36:07 2024-11-26T13:36:07.153Z config INFO Merged CLI configuration with the fallback: {"directories":{"user":"/home/jezs/Arduino","data":"/home/jezs/.arduino15"},"board_manager":{"additional_urls":[]}}
2024-11-26 08:36:07 2024-11-26T13:36:07.153Z config INFO Loaded the CLI configuration.
2024-11-26 08:36:07 2024-11-26T13:36:07.194Z config INFO Mapped the CLI configuration: {"dataDirUri":"file:///home/jezs/.arduino15","sketchDirUri":"file:///home/jezs/Arduino","additionalUrls":[],"network":"none","locale":"en"}
2024-11-26 08:36:07 2024-11-26T13:36:07.194Z config INFO Validating the CLI configuration...
2024-11-26 08:36:07 2024-11-26T13:36:07.245Z config INFO The CLI config is valid.
2024-11-26 08:36:07 2024-11-26T13:36:07.245Z config INFO <<< Initialized the CLI configuration.
2024-11-26 08:36:07 2024-11-26T13:36:07.279Z root INFO Resolve plugins list: 365.4 ms [Finished 2.176 s after backend start]
2024-11-26 08:36:07 2024-11-26T13:36:07.283Z daemon INFO time="2024-11-26T08:36:07-05:00" level=info msg="Checking signature" index=/home/jezs/.arduino15/package_index.json signatureFile=/home/jezs/.arduino15/package_index.json.sig trusted=true
time="2024-11-26T08:36:07-05:00" level=info msg="Loading hardware from: /home/jezs/.arduino15/packages"
2024-11-26 08:36:07 2024-11-26T13:36:07.303Z daemon INFO time="2024-11-26T08:36:07-05:00" level=info msg="Loading package arduino from: /home/jezs/.arduino15/packages/arduino/hardware"
time="2024-11-26T08:36:07-05:00" level=info msg="Missing signature file" index=/home/jezs/.arduino15/packages/arduino/hardware/avr/1.8.6/installed.json
time="2024-11-26T08:36:07-05:00" level=info msg="Adding monitor tool" protocol=serial tool="builtin:serial-monitor"
time="2024-11-26T08:36:07-05:00" level=info msg="Loaded platform" platform="arduino:avr@1.8.6"
time="2024-11-26T08:36:07-05:00" level=info msg="Checking existence of 'tools' path: /home/jezs/.arduino15/packages/arduino/tools"
time="2024-11-26T08:36:07-05:00" level=info msg="Loading tools from dir: /home/jezs/.arduino15/packages/arduino/tools"
time="2024-11-26T08:36:07-05:00" level=info msg="Loaded tool" tool="arduino:arduinoOTA@1.3.0"
time="2024-11-26T08:36:07-05:00" level=info msg="Loaded tool" tool="arduino:avr-gcc@7.3.0-atmel3.6.1-arduino7"
time="2024-11-26T08:36:07-05:00" level=info msg="Loaded tool" tool="arduino:avrdude@6.3.0-arduino17"
time="2024-11-26T08:36:07-05:00" level=info msg="Loading package builtin from: /home/jezs/.arduino15/packages/builtin"
time="2024-11-26T08:36:07-05:00" level=info msg="Checking existence of 'tools' path: /home/jezs/.arduino15/packages/builtin/tools"
time="2024-11-26T08:36:07-05:00" level=info msg="Loading tools from dir: /home/jezs/.arduino15/packages/builtin/tools"
2024-11-26 08:36:07 2024-11-26T13:36:07.307Z daemon INFO time="2024-11-26T08:36:07-05:00" level=info msg="Loaded tool" tool="builtin:ctags@5.8-arduino11"
time="2024-11-26T08:36:07-05:00" level=info msg="Loaded tool" tool="builtin:dfu-discovery@0.1.2"
2024-11-26 08:36:07 2024-11-26T13:36:07.309Z daemon INFO time="2024-11-26T08:36:07-05:00" level=info msg="Loaded tool" tool="builtin:mdns-discovery@1.0.9"
time="2024-11-26T08:36:07-05:00" level=info msg="Loaded tool" tool="builtin:serial-discovery@1.4.1"
time="2024-11-26T08:36:07-05:00" level=info msg="Loaded tool" tool="builtin:serial-monitor@0.14.1"
2024-11-26 08:36:07 2024-11-26T13:36:07.327Z daemon INFO time="2024-11-26T08:36:07-05:00" level=info msg="Adding libraries dir" dir=/home/jezs/.arduino15/packages/arduino/hardware/avr/1.8.6/libraries isSingleLibrary=false location=platform
time="2024-11-26T08:36:07-05:00" level=info msg="Loading libraries index file" index=/home/jezs/.arduino15/library_index.json
2024-11-26 08:36:08 2024-11-26T13:36:08.324Z daemon INFO time="2024-11-26T08:36:08-05:00" level=info msg="Adding libraries dir" dir=/home/jezs/.arduino15/libraries isSingleLibrary=false location=ide
time="2024-11-26T08:36:08-05:00" level=info msg="Adding libraries dir" dir=/home/jezs/Arduino/libraries isSingleLibrary=false location=user
2024-11-26 08:36:08 2024-11-26T13:36:08.408Z discovery-log INFO start resolved watching
2024-11-26 08:36:08 2024-11-26T13:36:08.515Z discovery-log INFO {"eventType":"add","port":{"matchingBoardsList":[],"port":{"address":"/dev/ttyS0","label":"/dev/ttyS0","protocol":"serial","protocolLabel":"Serial Port","propertiesMap":[],"hardwareId":""}},"error":""}
2024-11-26 08:36:10 2024-11-26T13:36:10.400Z root INFO Deploy plugins list: 365.4 ms [Finished 5.298 s after backend start]
2024-11-26 08:36:11 Opening channel for service path '/services/electron-window'.
2024-11-26 08:36:11 Opening channel for service path '/services/ide-updater'.
2024-11-26 08:36:13 2024-11-26T13:36:13.167Z root WARN Frontend a.configure took longer than the expected maximum 100 milliseconds: 901.0 ms [Finished 5.659 s after frontend start]
2024-11-26 08:36:13 2024-11-26T13:36:13.170Z root WARN A command editor.action.toggleStickyScroll is already registered.
2024-11-26 08:36:13 2024-11-26T13:36:13.170Z root WARN Frontend commands.onStart took longer than the expected maximum 100 milliseconds: 151.9 ms [Finished 5.816 s after frontend start]
2024-11-26 08:36:13 2024-11-26T13:36:13.394Z root WARN Frontend keybindings.onStart took longer than the expected maximum 100 milliseconds: 187.1 ms [Finished 6.004 s after frontend start]
2024-11-26 08:36:13 Closing channel on service path '/services/electron-window'.
2024-11-26 08:36:13 Closing channel on service path '/services/ide-updater'.
2024-11-26 08:36:13 Stored workspaces roots: 
2024-11-26 08:36:13 No sketches were scheduled for deletion.
