2025-02-22 07:25:50.024 [info] Started local extension host with pid 1499.
2025-02-22 07:25:50.672 [error] Extension 'GitHub.vscode-pull-request-github CANNOT USE these API proposals 'activeComment, codiconDecoration, codeActionRanges, commentingRangeHint, commentReactor, commentReveal, commentThreadApplicability, contribAccessibilityHelpContent, contribCommentEditorActionsMenu, contribCommentPeekContext, contribCommentThreadAdditionalMenu, contribCommentsViewThreadMenus, contribEditorContentMenu, contribShareMenu, diffCommand, quickDiffProvider, shareProvider, tokenInformation, treeViewMarkdownMessage'. You MUST start in extension development mode or use the --enable-proposed-api command line flag
2025-02-22 07:25:50.739 [error] [GitHub.vscode-pull-request-github]: commentsView/commentThread/context es un identificador de menú propuesto. Requiere "package.json#enabledApiProposals: ["contribCommentsViewThreadMenus"]' y solo está disponible cuando se queda sin desarrollo o con el siguiente modificador de línea de comandos: --enable-proposed-api GitHub.vscode-pull-request-github
2025-02-22 07:25:50.739 [error] [GitHub.vscode-pull-request-github]: editor/content es un identificador de menú propuesto. Requiere "package.json#enabledApiProposals: ["contribEditorContentMenu"]' y solo está disponible cuando se queda sin desarrollo o con el siguiente modificador de línea de comandos: --enable-proposed-api GitHub.vscode-pull-request-github
2025-02-22 07:25:50.741 [error] [GitHub.vscode-pull-request-github]: comments/comment/editorActions es un identificador de menú propuesto. Requiere "package.json#enabledApiProposals: ["contribCommentEditorActionsMenu"]' y solo está disponible cuando se queda sin desarrollo o con el siguiente modificador de línea de comandos: --enable-proposed-api GitHub.vscode-pull-request-github
2025-02-22 07:25:50.741 [error] [GitHub.vscode-pull-request-github]: comments/commentThread/additionalActions es un identificador de menú propuesto. Requiere "package.json#enabledApiProposals: ["contribCommentThreadAdditionalMenu"]' y solo está disponible cuando se queda sin desarrollo o con el siguiente modificador de línea de comandos: --enable-proposed-api GitHub.vscode-pull-request-github
2025-02-22 07:25:50.741 [error] [GitHub.vscode-pull-request-github]: comments/commentThread/title/context es un identificador de menú propuesto. Requiere "package.json#enabledApiProposals: ["contribCommentPeekContext"]' y solo está disponible cuando se queda sin desarrollo o con el siguiente modificador de línea de comandos: --enable-proposed-api GitHub.vscode-pull-request-github
2025-02-22 07:25:50.742 [error] [GitHub.vscode-pull-request-github]: comments/commentThread/comment/context es un identificador de menú propuesto. Requiere "package.json#enabledApiProposals: ["contribCommentPeekContext"]' y solo está disponible cuando se queda sin desarrollo o con el siguiente modificador de línea de comandos: --enable-proposed-api GitHub.vscode-pull-request-github
2025-02-22 07:25:50.742 [error] [GitHub.vscode-pull-request-github]: editor/context/share es un identificador de menú propuesto. Requiere "package.json#enabledApiProposals: ["contribShareMenu"]' y solo está disponible cuando se queda sin desarrollo o con el siguiente modificador de línea de comandos: --enable-proposed-api GitHub.vscode-pull-request-github
2025-02-22 07:25:50.742 [error] [GitHub.vscode-pull-request-github]: file/share es un identificador de menú propuesto. Requiere "package.json#enabledApiProposals: ["contribShareMenu"]' y solo está disponible cuando se queda sin desarrollo o con el siguiente modificador de línea de comandos: --enable-proposed-api GitHub.vscode-pull-request-github
2025-02-22 07:25:50.742 [error] [GitHub.vscode-pull-request-github]: editor/title/context/share es un identificador de menú propuesto. Requiere "package.json#enabledApiProposals: ["contribShareMenu"]' y solo está disponible cuando se queda sin desarrollo o con el siguiente modificador de línea de comandos: --enable-proposed-api GitHub.vscode-pull-request-github
2025-02-22 07:25:50.742 [error] [GitHub.vscode-pull-request-github]: explorer/context/share es un identificador de menú propuesto. Requiere "package.json#enabledApiProposals: ["contribShareMenu"]' y solo está disponible cuando se queda sin desarrollo o con el siguiente modificador de línea de comandos: --enable-proposed-api GitHub.vscode-pull-request-github
2025-02-22 07:25:52.550 [error] Error while getting the latest version for the extension bmewburn.vscode-intelephense-client. Cannot read properties of undefined (reading 'replace')
2025-02-22 07:25:52.550 [error] Error while getting the latest version for the extension bradlc.vscode-tailwindcss. Cannot read properties of undefined (reading 'replace')
2025-02-22 07:25:52.550 [error] Error while getting the latest version for the extension codeium.codeium. Cannot read properties of undefined (reading 'replace')
2025-02-22 07:25:52.550 [error] Error while getting the latest version for the extension codingyu.laravel-goto-view. Cannot read properties of undefined (reading 'replace')
2025-02-22 07:25:52.551 [error] Error while getting the latest version for the extension eamodio.gitlens. Cannot read properties of undefined (reading 'replace')
2025-02-22 07:25:52.552 [error] Error while getting the latest version for the extension enkia.tokyo-night. Cannot read properties of undefined (reading 'replace')
2025-02-22 07:25:52.552 [error] Error while getting the latest version for the extension esbenp.prettier-vscode. Cannot read properties of undefined (reading 'replace')
2025-02-22 07:25:52.552 [error] Error while getting the latest version for the extension github.vscode-pull-request-github. Cannot read properties of undefined (reading 'replace')
2025-02-22 07:25:52.552 [error] Error while getting the latest version for the extension mrchetan.goto-laravel-components. Cannot read properties of undefined (reading 'replace')
2025-02-22 07:25:52.552 [error] Error while getting the latest version for the extension ms-ceintl.vscode-language-pack-es. Cannot read properties of undefined (reading 'replace')
2025-02-22 07:25:52.557 [error] Error while getting the latest version for the extension naumovs.color-highlight. Cannot read properties of undefined (reading 'replace')
2025-02-22 07:25:52.557 [error] Error while getting the latest version for the extension onecentlin.laravel-blade. Cannot read properties of undefined (reading 'replace')
2025-02-22 07:25:52.557 [error] Error while getting the latest version for the extension onecentlin.laravel5-snippets. Cannot read properties of undefined (reading 'replace')
2025-02-22 07:25:52.557 [error] Error while getting the latest version for the extension shan.code-settings-sync. Cannot read properties of undefined (reading 'replace')
2025-02-22 07:25:52.557 [error] Error while getting the latest version for the extension shufo.vscode-blade-formatter. Cannot read properties of undefined (reading 'replace')
2025-02-22 07:25:52.558 [error] Error while getting the latest version for the extension vscodevim.vim. Cannot read properties of undefined (reading 'replace')
2025-02-22 07:25:52.910 [info] [perf] Render performance baseline is 34ms
2025-02-22 07:25:53.946 [error] [File Watcher] Unexpected error: inotify_add_watch on '/var/www/pc-hard/.git/.gitstatus.ognKIk/a' failed: No existe el fichero o el directorio (EUNKNOWN) (path: /var/www/pc-hard)
2025-02-22 07:25:53.946 [error] [File Watcher (universal)] inotify_add_watch on '/var/www/pc-hard/.git/.gitstatus.ognKIk/a' failed: No existe el fichero o el directorio
2025-02-22 07:25:54.662 [warning] Authentication provider codeium_auth was not declared in the Extension Manifest.
