2025-02-22 07:45:55.250 [info] [main] Nivel de registro: Info
2025-02-22 07:45:55.250 [info] [main] Validando git encontrado en: "git"
2025-02-22 07:45:55.250 [info] [main] Usando git "2.48.1" de "git"
2025-02-22 07:45:55.250 [info] [Model][doInitialScan] Initial repository scan started
2025-02-22 07:45:55.250 [info] > git rev-parse --show-toplevel [8ms]
2025-02-22 07:45:55.250 [info] > git rev-parse --git-dir --git-common-dir [59ms]
2025-02-22 07:45:55.250 [info] [Model][openRepository] Opened repository: /var/www/pc-hard
2025-02-22 07:45:55.264 [info] > git fetch [666ms]
2025-02-22 07:45:55.264 [info] /bin/sh: warning: setlocale: LC_ALL: cannot change locale (en_US.UTF-8): No such file or directory
Missing or invalid credentials.
Skip silent fetch commands
/bin/sh: warning: setlocale: LC_ALL: cannot change locale (en_US.UTF-8): No such file or directory
Missing or invalid credentials.
Skip silent fetch commands
remote: Repository not found.
fatal: Authentication failed for 'https://github.com/jose-zapana/pc-hard.git/'
2025-02-22 07:45:55.438 [info] > git rev-parse --show-toplevel [176ms]
2025-02-22 07:45:55.438 [info] > git config --get commit.template [182ms]
2025-02-22 07:45:55.474 [info] > git config --get commit.template [51ms]
2025-02-22 07:45:55.586 [info] > git for-each-ref --format=%(refname)%00%(upstream:short)%00%(objectname)%00%(upstream:track)%00%(upstream:remotename)%00%(upstream:remoteref) refs/heads/main refs/remotes/main [59ms]
2025-02-22 07:45:55.599 [info] > git for-each-ref --format=%(refname)%00%(upstream:short)%00%(objectname)%00%(upstream:track)%00%(upstream:remotename)%00%(upstream:remoteref) refs/heads/main refs/remotes/main [22ms]
2025-02-22 07:45:55.972 [info] > git check-ignore -v -z --stdin [131ms]
2025-02-22 07:45:55.974 [info] > git rev-parse --show-toplevel [139ms]
2025-02-22 07:45:56.006 [info] > git for-each-ref --format=%(refname)%00%(upstream:short)%00%(objectname)%00%(upstream:track)%00%(upstream:remotename)%00%(upstream:remoteref) refs/heads/main refs/remotes/main [37ms]
2025-02-22 07:45:56.014 [info] > git config --get --local branch.main.vscode-merge-base [2ms]
2025-02-22 07:45:56.014 [warning] [Git][config] git config failed: Failed to execute git
2025-02-22 07:45:56.020 [info] > git rev-parse --show-toplevel [17ms]
2025-02-22 07:45:56.020 [info] > git for-each-ref --format=%(refname)%00%(upstream:short)%00%(objectname)%00%(upstream:track)%00%(upstream:remotename)%00%(upstream:remoteref) refs/heads/main refs/remotes/main [25ms]
2025-02-22 07:45:56.026 [info] > git config --get commit.template [39ms]
2025-02-22 07:45:56.035 [info] > git config --get --local branch.main.vscode-merge-base [9ms]
2025-02-22 07:45:56.035 [warning] [Git][config] git config failed: Failed to execute git
2025-02-22 07:45:56.041 [info] > git reflog main --grep-reflog=branch: Created from *. [21ms]
2025-02-22 07:45:56.054 [info] > git symbolic-ref --short refs/remotes/origin/HEAD [7ms]
2025-02-22 07:45:56.054 [info] fatal: ref refs/remotes/origin/HEAD is not a symbolic ref
2025-02-22 07:45:56.054 [warning] [Repository][getDefaultBranch] Failed to get default branch details: Failed to execute git.
2025-02-22 07:45:56.060 [info] > git reflog main --grep-reflog=branch: Created from *. [19ms]
2025-02-22 07:45:56.065 [info] > git rev-parse --show-toplevel [31ms]
2025-02-22 07:45:56.074 [info] > git symbolic-ref --short refs/remotes/origin/HEAD [9ms]
2025-02-22 07:45:56.074 [info] fatal: ref refs/remotes/origin/HEAD is not a symbolic ref
2025-02-22 07:45:56.074 [warning] [Repository][getDefaultBranch] Failed to get default branch details: Failed to execute git.
2025-02-22 07:45:56.081 [info] > git merge-base refs/heads/main refs/remotes/origin/main [21ms]
2025-02-22 07:45:56.087 [info] > git for-each-ref --format=%(refname)%00%(upstream:short)%00%(objectname)%00%(upstream:track)%00%(upstream:remotename)%00%(upstream:remoteref) refs/heads/main refs/remotes/main [34ms]
2025-02-22 07:45:56.090 [info] > git diff --name-status -z --diff-filter=ADMR 4d25453c0f18cacb19c1b57a6e3d6e0d6d95d3e9...refs/remotes/origin/main [3ms]
2025-02-22 07:45:56.091 [info] > git merge-base refs/heads/main refs/remotes/origin/main [10ms]
2025-02-22 07:45:56.097 [info] > git rev-parse --show-toplevel [26ms]
2025-02-22 07:45:56.105 [info] > git diff --name-status -z --diff-filter=ADMR 4d25453c0f18cacb19c1b57a6e3d6e0d6d95d3e9...refs/remotes/origin/main [8ms]
2025-02-22 07:45:56.118 [info] > git rev-parse --show-toplevel [14ms]
2025-02-22 07:45:56.140 [info] > git status -z -uall [28ms]
2025-02-22 07:45:56.142 [info] > git rev-parse --show-toplevel [8ms]
2025-02-22 07:45:56.142 [info] > git for-each-ref --sort -committerdate --format %(refname) %(objectname) %(*objectname) [25ms]
2025-02-22 07:45:56.173 [info] > git rev-parse --show-toplevel [17ms]
2025-02-22 07:45:56.203 [info] > git rev-parse --show-toplevel [23ms]
2025-02-22 07:45:56.220 [info] > git rev-parse --show-toplevel [4ms]
2025-02-22 07:45:56.250 [info] > git rev-parse --show-toplevel [18ms]
2025-02-22 07:45:56.264 [info] > git rev-parse --show-toplevel [3ms]
2025-02-22 07:45:56.274 [info] > git rev-parse --show-toplevel [2ms]
2025-02-22 07:45:56.274 [info] [Model][doInitialScan] Initial repository scan completed - repositories (1), closed repositories (0), parent repositories (1), unsafe repositories (0)
2025-02-22 07:45:56.287 [info] > git rev-parse --show-toplevel [5ms]
2025-02-22 07:45:56.297 [info] > git config --get --local branch.main.github-pr-owner-number [1ms]
2025-02-22 07:45:56.297 [warning] [Git][config] git config failed: Failed to execute git
2025-02-22 07:46:25.564 [info] > git show --textconv :app/Livewire/Admin/Quotes/QuotationCreate.php [13ms]
2025-02-22 07:46:25.569 [info] > git ls-files --stage -- /var/www/pc-hard/app/Livewire/Admin/Quotes/QuotationCreate.php [6ms]
2025-02-22 07:46:25.579 [info] > git cat-file -s 64f0edd55b53c3b304a2f8f796ebdf9422f1363d [1ms]
2025-02-22 07:46:25.609 [info] > git blame --root --incremental 4d25453c0f18cacb19c1b57a6e3d6e0d6d95d3e9 -- /var/www/pc-hard/app/Livewire/Admin/Quotes/QuotationCreate.php [8ms]
2025-02-22 07:46:28.296 [info] > git log --format=%H%n%aN%n%aE%n%at%n%ct%n%P%n%D%n%B -z --shortstat --diff-merges=first-parent -n50 --skip=0 --topo-order --decorate=full --stdin [250ms]
2025-02-22 07:46:30.201 [info] > git show --textconv HEAD:app/Livewire/Admin/Quotes/QuotationCreate.php [13ms]
2025-02-22 07:46:30.201 [info] > git ls-tree -l HEAD -- /var/www/pc-hard/app/Livewire/Admin/Quotes/QuotationCreate.php [0ms]
2025-02-22 07:46:38.446 [info] > git show --textconv HEAD:resources/views/livewire/admin/quotes/quotation-create.blade.php [12ms]
2025-02-22 07:46:38.446 [info] > git ls-tree -l HEAD -- /var/www/pc-hard/resources/views/livewire/admin/quotes/quotation-create.blade.php [2ms]
2025-02-22 07:46:38.601 [info] > git blame --root --incremental 4d25453c0f18cacb19c1b57a6e3d6e0d6d95d3e9 -- /var/www/pc-hard/resources/views/livewire/admin/quotes/quotation-create.blade.php [29ms]
2025-02-22 07:46:38.954 [info] > git check-ignore -v -z --stdin [1ms]
2025-02-22 07:49:45.766 [info] > git ls-tree -l HEAD -- /var/www/pc-hard/resources/views/livewire/admin/quotes/quotation-create.blade.php [2ms]
2025-02-22 07:50:12.443 [info] > git ls-tree -l HEAD -- /var/www/pc-hard/resources/views/livewire/admin/quotes/quotation-create.blade.php [2ms]
2025-02-22 07:50:24.599 [info] > git ls-tree -l HEAD -- /var/www/pc-hard/resources/views/livewire/admin/quotes/quotation-create.blade.php [1ms]
2025-02-22 07:51:42.608 [info] > git ls-tree -l HEAD -- /var/www/pc-hard/resources/views/livewire/admin/quotes/quotation-create.blade.php [2ms]
2025-02-22 07:52:15.864 [info] > git ls-tree -l HEAD -- /var/www/pc-hard/resources/views/livewire/admin/quotes/quotation-create.blade.php [1ms]
2025-02-22 07:52:35.950 [info] > git ls-tree -l HEAD -- /var/www/pc-hard/resources/views/livewire/admin/quotes/quotation-create.blade.php [1ms]
2025-02-22 07:55:26.698 [info] > git ls-tree -l HEAD -- /var/www/pc-hard/resources/views/livewire/admin/quotes/quotation-create.blade.php [1ms]
2025-02-22 07:55:34.807 [info] > git ls-tree -l HEAD -- /var/www/pc-hard/resources/views/livewire/admin/quotes/quotation-create.blade.php [2ms]
2025-02-22 07:55:37.809 [info] > git ls-tree -l HEAD -- /var/www/pc-hard/resources/views/livewire/admin/quotes/quotation-create.blade.php [1ms]
2025-02-22 07:55:39.301 [info] > git ls-tree -l HEAD -- /var/www/pc-hard/resources/views/livewire/admin/quotes/quotation-create.blade.php [1ms]
2025-02-22 07:59:31.673 [info] > git ls-tree -l HEAD -- /var/www/pc-hard/resources/views/livewire/admin/quotes/quotation-create.blade.php [2ms]
2025-02-22 08:09:43.933 [info] > git ls-tree -l HEAD -- /var/www/pc-hard/resources/views/livewire/admin/quotes/quotation-create.blade.php [2ms]
2025-02-22 08:21:05.929 [info] > git ls-tree -l HEAD -- /var/www/pc-hard/resources/views/livewire/admin/quotes/quotation-create.blade.php [2ms]
2025-02-22 08:21:38.721 [info] > git ls-tree -l HEAD -- /var/www/pc-hard/resources/views/livewire/admin/quotes/quotation-create.blade.php [2ms]
2025-02-22 08:26:14.533 [info] > git ls-tree -l HEAD -- /var/www/pc-hard/resources/views/livewire/admin/quotes/quotation-create.blade.php [1ms]
2025-02-22 08:31:14.958 [info] > git ls-tree -l HEAD -- /var/www/pc-hard/resources/views/livewire/admin/quotes/quotation-create.blade.php [3ms]
2025-02-22 08:31:42.403 [info] > git ls-tree -l HEAD -- /var/www/pc-hard/resources/views/livewire/admin/quotes/quotation-create.blade.php [1ms]
2025-02-22 08:31:47.875 [info] > git ls-tree -l HEAD -- /var/www/pc-hard/resources/views/livewire/admin/quotes/quotation-create.blade.php [1ms]
2025-02-22 08:32:03.445 [info] > git ls-tree -l HEAD -- /var/www/pc-hard/resources/views/livewire/admin/quotes/quotation-create.blade.php [2ms]
2025-02-22 08:36:23.969 [info] > git ls-tree -l HEAD -- /var/www/pc-hard/resources/views/livewire/admin/quotes/quotation-create.blade.php [1ms]
2025-02-22 08:36:38.171 [info] > git ls-tree -l HEAD -- /var/www/pc-hard/resources/views/livewire/admin/quotes/quotation-create.blade.php [1ms]
2025-02-22 08:36:43.382 [info] > git ls-tree -l HEAD -- /var/www/pc-hard/resources/views/livewire/admin/quotes/quotation-create.blade.php [1ms]
2025-02-22 08:37:06.742 [info] > git ls-tree -l HEAD -- /var/www/pc-hard/resources/views/livewire/admin/quotes/quotation-create.blade.php [1ms]
2025-02-22 08:37:17.892 [info] > git ls-tree -l HEAD -- /var/www/pc-hard/resources/views/livewire/admin/quotes/quotation-create.blade.php [2ms]
